<?xml version="1.0" encoding="UTF-8"?>
<coverage generated="1733248855006" clover="3.2.0">
  <project timestamp="1733248855007" name="All files">
    <metrics statements="414" coveredstatements="396" conditionals="105" coveredconditionals="92" methods="92" coveredmethods="84" elements="611" coveredelements="572" complexity="0" loc="414" ncloc="414" packages="34" files="43" classes="43"/>
    <package name="Hooks">
      <metrics statements="16" coveredstatements="16" conditionals="0" coveredconditionals="0" methods="3" coveredmethods="3"/>
      <file name="UseFetch.ts" path="C:\repositories\programming\projects-2024\to-work\ntt-data\BOOTCAMP--FRONTEND-REACT-NTT\src\Hooks\UseFetch.ts">
        <metrics statements="16" coveredstatements="16" conditionals="0" coveredconditionals="0" methods="3" coveredmethods="3"/>
        <line num="1" count="2" type="stmt"/>
        <line num="13" count="2" type="stmt"/>
        <line num="15" count="23" type="stmt"/>
        <line num="16" count="23" type="stmt"/>
        <line num="17" count="23" type="stmt"/>
        <line num="19" count="23" type="stmt"/>
        <line num="21" count="8" type="stmt"/>
        <line num="22" count="8" type="stmt"/>
        <line num="23" count="8" type="stmt"/>
        <line num="24" count="8" type="stmt"/>
        <line num="25" count="6" type="stmt"/>
        <line num="26" count="6" type="stmt"/>
        <line num="28" count="2" type="stmt"/>
        <line num="30" count="8" type="stmt"/>
        <line num="33" count="8" type="stmt"/>
        <line num="37" count="23" type="stmt"/>
      </file>
    </package>
    <package name="config.jest">
      <metrics statements="1" coveredstatements="1" conditionals="0" coveredconditionals="0" methods="0" coveredmethods="0"/>
      <file name="styleMock.ts" path="C:\repositories\programming\projects-2024\to-work\ntt-data\BOOTCAMP--FRONTEND-REACT-NTT\src\config\jest\styleMock.ts">
        <metrics statements="1" coveredstatements="1" conditionals="0" coveredconditionals="0" methods="0" coveredmethods="0"/>
        <line num="1" count="8" type="stmt"/>
      </file>
    </package>
    <package name="context">
      <metrics statements="2" coveredstatements="2" conditionals="0" coveredconditionals="0" methods="0" coveredmethods="0"/>
      <file name="index.ts" path="C:\repositories\programming\projects-2024\to-work\ntt-data\BOOTCAMP--FRONTEND-REACT-NTT\src\context\index.ts">
        <metrics statements="2" coveredstatements="2" conditionals="0" coveredconditionals="0" methods="0" coveredmethods="0"/>
        <line num="1" count="1" type="stmt"/>
        <line num="2" count="1" type="stmt"/>
      </file>
    </package>
    <package name="context.ShoppingCart">
      <metrics statements="44" coveredstatements="41" conditionals="12" coveredconditionals="10" methods="12" coveredmethods="11"/>
      <file name="ShoppingCart.provider.tsx" path="C:\repositories\programming\projects-2024\to-work\ntt-data\BOOTCAMP--FRONTEND-REACT-NTT\src\context\ShoppingCart\ShoppingCart.provider.tsx">
        <metrics statements="8" coveredstatements="8" conditionals="0" coveredconditionals="0" methods="2" coveredmethods="1"/>
        <line num="1" count="3" type="stmt"/>
        <line num="4" count="3" type="stmt"/>
        <line num="10" count="3" type="stmt"/>
        <line num="18" count="3" type="stmt"/>
        <line num="19" count="4" type="stmt"/>
        <line num="21" count="4" type="stmt"/>
        <line num="30" count="3" type="stmt"/>
        <line num="31" count="3" type="stmt"/>
      </file>
      <file name="ShoppingCart.reduce.ts" path="C:\repositories\programming\projects-2024\to-work\ntt-data\BOOTCAMP--FRONTEND-REACT-NTT\src\context\ShoppingCart\ShoppingCart.reduce.ts">
        <metrics statements="26" coveredstatements="24" conditionals="11" coveredconditionals="10" methods="9" coveredmethods="9"/>
        <line num="1" count="4" type="stmt"/>
        <line num="4" count="4" type="stmt"/>
        <line num="6" count="4" type="stmt"/>
        <line num="9" count="3" type="stmt"/>
        <line num="14" count="3" type="stmt"/>
        <line num="16" count="3" type="cond" truecount="2" falsecount="0"/>
        <line num="17" count="1" type="stmt"/>
        <line num="18" count="1" type="cond" truecount="1" falsecount="1"/>
        <line num="23" count="2" type="stmt"/>
        <line num="29" count="2" type="stmt"/>
        <line num="30" count="2" type="cond" truecount="1" falsecount="0"/>
        <line num="31" count="2" type="cond" truecount="1" falsecount="0"/>
        <line num="32" count="1" type="stmt"/>
        <line num="34" count="1" type="stmt"/>
        <line num="36" count="0" type="stmt"/>
        <line num="43" count="1" type="stmt"/>
        <line num="44" count="1" type="cond" truecount="1" falsecount="0"/>
        <line num="45" count="1" type="stmt"/>
        <line num="47" count="0" type="stmt"/>
        <line num="52" count="7" type="cond" truecount="4" falsecount="0"/>
        <line num="54" count="3" type="stmt"/>
        <line num="56" count="2" type="stmt"/>
        <line num="58" count="1" type="stmt"/>
        <line num="60" count="1" type="stmt"/>
        <line num="65" count="4" type="stmt"/>
        <line num="66" count="4" type="stmt"/>
      </file>
      <file name="UseShoppingCart.context.ts" path="C:\repositories\programming\projects-2024\to-work\ntt-data\BOOTCAMP--FRONTEND-REACT-NTT\src\context\ShoppingCart\UseShoppingCart.context.ts">
        <metrics statements="7" coveredstatements="6" conditionals="1" coveredconditionals="0" methods="1" coveredmethods="1"/>
        <line num="1" count="2" type="stmt"/>
        <line num="2" count="2" type="stmt"/>
        <line num="4" count="2" type="stmt"/>
        <line num="6" count="2" type="stmt"/>
        <line num="8" count="2" type="cond" truecount="0" falsecount="1"/>
        <line num="9" count="0" type="stmt"/>
        <line num="12" count="2" type="stmt"/>
      </file>
      <file name="index.ts" path="C:\repositories\programming\projects-2024\to-work\ntt-data\BOOTCAMP--FRONTEND-REACT-NTT\src\context\ShoppingCart\index.ts">
        <metrics statements="3" coveredstatements="3" conditionals="0" coveredconditionals="0" methods="0" coveredmethods="0"/>
        <line num="1" count="1" type="stmt"/>
        <line num="2" count="1" type="stmt"/>
        <line num="3" count="1" type="stmt"/>
      </file>
    </package>
    <package name="context.filters">
      <metrics statements="17" coveredstatements="17" conditionals="1" coveredconditionals="1" methods="2" coveredmethods="2"/>
      <file name="Usefilters.context.ts" path="C:\repositories\programming\projects-2024\to-work\ntt-data\BOOTCAMP--FRONTEND-REACT-NTT\src\context\filters\Usefilters.context.ts">
        <metrics statements="7" coveredstatements="7" conditionals="1" coveredconditionals="1" methods="1" coveredmethods="1"/>
        <line num="1" count="2" type="stmt"/>
        <line num="2" count="2" type="stmt"/>
        <line num="4" count="2" type="stmt"/>
        <line num="6" count="5" type="stmt"/>
        <line num="8" count="5" type="cond" truecount="1" falsecount="0"/>
        <line num="9" count="4" type="stmt"/>
        <line num="12" count="1" type="stmt"/>
      </file>
      <file name="filters.provider.tsx" path="C:\repositories\programming\projects-2024\to-work\ntt-data\BOOTCAMP--FRONTEND-REACT-NTT\src\context\filters\filters.provider.tsx">
        <metrics statements="8" coveredstatements="8" conditionals="0" coveredconditionals="0" methods="1" coveredmethods="1"/>
        <line num="1" count="3" type="stmt"/>
        <line num="14" count="3" type="stmt"/>
        <line num="16" count="3" type="stmt"/>
        <line num="18" count="4" type="stmt"/>
        <line num="19" count="4" type="stmt"/>
        <line num="21" count="4" type="stmt"/>
        <line num="35" count="3" type="stmt"/>
        <line num="36" count="3" type="stmt"/>
      </file>
      <file name="index.ts" path="C:\repositories\programming\projects-2024\to-work\ntt-data\BOOTCAMP--FRONTEND-REACT-NTT\src\context\filters\index.ts">
        <metrics statements="2" coveredstatements="2" conditionals="0" coveredconditionals="0" methods="0" coveredmethods="0"/>
        <line num="1" count="1" type="stmt"/>
        <line num="2" count="1" type="stmt"/>
      </file>
    </package>
    <package name="mappers">
      <metrics statements="1" coveredstatements="1" conditionals="0" coveredconditionals="0" methods="1" coveredmethods="1"/>
      <file name="product.mapper.ts" path="C:\repositories\programming\projects-2024\to-work\ntt-data\BOOTCAMP--FRONTEND-REACT-NTT\src\mappers\product.mapper.ts">
        <metrics statements="1" coveredstatements="1" conditionals="0" coveredconditionals="0" methods="1" coveredmethods="1"/>
        <line num="3" count="16" type="stmt"/>
      </file>
    </package>
    <package name="mappers.__mock__">
      <metrics statements="1" coveredstatements="1" conditionals="0" coveredconditionals="0" methods="0" coveredmethods="0"/>
      <file name="Product.ts" path="C:\repositories\programming\projects-2024\to-work\ntt-data\BOOTCAMP--FRONTEND-REACT-NTT\src\mappers\__mock__\Product.ts">
        <metrics statements="1" coveredstatements="1" conditionals="0" coveredconditionals="0" methods="0" coveredmethods="0"/>
        <line num="3" count="13" type="stmt"/>
      </file>
    </package>
    <package name="mappers.__stubs__">
      <metrics statements="3" coveredstatements="3" conditionals="0" coveredconditionals="0" methods="0" coveredmethods="0"/>
      <file name="product.stub.ts" path="C:\repositories\programming\projects-2024\to-work\ntt-data\BOOTCAMP--FRONTEND-REACT-NTT\src\mappers\__stubs__\product.stub.ts">
        <metrics statements="3" coveredstatements="3" conditionals="0" coveredconditionals="0" methods="0" coveredmethods="0"/>
        <line num="1" count="13" type="stmt"/>
        <line num="2" count="13" type="stmt"/>
        <line num="4" count="13" type="stmt"/>
      </file>
    </package>
    <package name="models">
      <metrics statements="5" coveredstatements="5" conditionals="2" coveredconditionals="2" methods="1" coveredmethods="1"/>
      <file name="app-store.model.ts" path="C:\repositories\programming\projects-2024\to-work\ntt-data\BOOTCAMP--FRONTEND-REACT-NTT\src\models\app-store.model.ts">
        <metrics statements="5" coveredstatements="5" conditionals="2" coveredconditionals="2" methods="1" coveredmethods="1"/>
        <line num="3" count="9" type="cond" truecount="2" falsecount="0"/>
        <line num="4" count="9" type="stmt"/>
        <line num="5" count="9" type="stmt"/>
        <line num="6" count="9" type="stmt"/>
        <line num="7" count="9" type="stmt"/>
      </file>
    </package>
    <package name="pages">
      <metrics statements="8" coveredstatements="8" conditionals="2" coveredconditionals="2" methods="1" coveredmethods="1"/>
      <file name="routes.ts" path="C:\repositories\programming\projects-2024\to-work\ntt-data\BOOTCAMP--FRONTEND-REACT-NTT\src\pages\routes.ts">
        <metrics statements="8" coveredstatements="8" conditionals="2" coveredconditionals="2" methods="1" coveredmethods="1"/>
        <line num="1" count="1" type="cond" truecount="2" falsecount="0"/>
        <line num="2" count="1" type="stmt"/>
        <line num="3" count="1" type="stmt"/>
        <line num="4" count="1" type="stmt"/>
        <line num="5" count="1" type="stmt"/>
        <line num="6" count="1" type="stmt"/>
        <line num="7" count="1" type="stmt"/>
        <line num="8" count="1" type="stmt"/>
      </file>
    </package>
    <package name="pages.Home.components.CategorySection">
      <metrics statements="14" coveredstatements="14" conditionals="4" coveredconditionals="4" methods="3" coveredmethods="3"/>
      <file name="CategorySection.tsx" path="C:\repositories\programming\projects-2024\to-work\ntt-data\BOOTCAMP--FRONTEND-REACT-NTT\src\pages\Home\components\CategorySection\CategorySection.tsx">
        <metrics statements="14" coveredstatements="14" conditionals="4" coveredconditionals="4" methods="3" coveredmethods="3"/>
        <line num="1" count="2" type="stmt"/>
        <line num="2" count="2" type="stmt"/>
        <line num="3" count="2" type="stmt"/>
        <line num="4" count="2" type="stmt"/>
        <line num="5" count="2" type="stmt"/>
        <line num="6" count="2" type="stmt"/>
        <line num="15" count="2" type="stmt"/>
        <line num="16" count="4" type="stmt"/>
        <line num="18" count="4" type="stmt"/>
        <line num="19" count="4" type="stmt"/>
        <line num="21" count="4" type="stmt"/>
        <line num="26" count="4" type="stmt"/>
        <line num="31" count="12" type="cond" truecount="2" falsecount="0"/>
        <line num="49" count="12" type="stmt"/>
      </file>
    </package>
    <package name="pages.Home.components.CategorySection.components.CategoryCard">
      <metrics statements="20" coveredstatements="20" conditionals="6" coveredconditionals="6" methods="4" coveredmethods="4"/>
      <file name="CategoryCard.tsx" path="C:\repositories\programming\projects-2024\to-work\ntt-data\BOOTCAMP--FRONTEND-REACT-NTT\src\pages\Home\components\CategorySection\components\CategoryCard\CategoryCard.tsx">
        <metrics statements="20" coveredstatements="20" conditionals="6" coveredconditionals="6" methods="4" coveredmethods="4"/>
        <line num="1" count="1" type="stmt"/>
        <line num="2" count="1" type="stmt"/>
        <line num="3" count="1" type="stmt"/>
        <line num="4" count="1" type="stmt"/>
        <line num="5" count="1" type="stmt"/>
        <line num="13" count="1" type="stmt"/>
        <line num="18" count="6" type="stmt"/>
        <line num="19" count="6" type="stmt"/>
        <line num="21" count="6" type="stmt"/>
        <line num="23" count="6" type="stmt"/>
        <line num="24" count="6" type="cond" truecount="1" falsecount="0"/>
        <line num="25" count="1" type="stmt"/>
        <line num="30" count="6" type="stmt"/>
        <line num="33" count="6" type="cond" truecount="1" falsecount="0"/>
        <line num="34" count="6" type="cond" truecount="2" falsecount="0"/>
        <line num="39" count="3" type="stmt"/>
        <line num="41" count="3" type="stmt"/>
        <line num="46" count="6" type="stmt"/>
        <line num="47" count="6" type="stmt"/>
        <line num="50" count="6" type="stmt"/>
      </file>
    </package>
    <package name="pages.Home.components.CategorySection.components.CategorySkeleton">
      <metrics statements="2" coveredstatements="2" conditionals="0" coveredconditionals="0" methods="1" coveredmethods="1"/>
      <file name="CategorySkeleton.tsx" path="C:\repositories\programming\projects-2024\to-work\ntt-data\BOOTCAMP--FRONTEND-REACT-NTT\src\pages\Home\components\CategorySection\components\CategorySkeleton\CategorySkeleton.tsx">
        <metrics statements="2" coveredstatements="2" conditionals="0" coveredconditionals="0" methods="1" coveredmethods="1"/>
        <line num="1" count="1" type="stmt"/>
        <line num="2" count="1" type="stmt"/>
      </file>
    </package>
    <package name="pages.Home.components.CategorySection.components.HorizontalCarouselControl">
      <metrics statements="14" coveredstatements="14" conditionals="6" coveredconditionals="6" methods="3" coveredmethods="3"/>
      <file name="HorizontalCarouselControl.tsx" path="C:\repositories\programming\projects-2024\to-work\ntt-data\BOOTCAMP--FRONTEND-REACT-NTT\src\pages\Home\components\CategorySection\components\HorizontalCarouselControl\HorizontalCarouselControl.tsx">
        <metrics statements="14" coveredstatements="14" conditionals="6" coveredconditionals="6" methods="3" coveredmethods="3"/>
        <line num="1" count="3" type="stmt"/>
        <line num="2" count="3" type="stmt"/>
        <line num="3" count="3" type="stmt"/>
        <line num="12" count="3" type="stmt"/>
        <line num="18" count="13" type="stmt"/>
        <line num="20" count="13" type="stmt"/>
        <line num="21" count="13" type="cond" truecount="3" falsecount="0"/>
        <line num="22" count="4" type="stmt"/>
        <line num="26" count="13" type="stmt"/>
        <line num="27" count="1" type="cond" truecount="3" falsecount="0"/>
        <line num="28" count="1" type="stmt"/>
        <line num="29" count="1" type="stmt"/>
        <line num="31" count="1" type="stmt"/>
        <line num="40" count="13" type="stmt"/>
      </file>
    </package>
    <package name="pages.Home.components.CategorySection.components.HorizontalCarouselControl.modules">
      <metrics statements="34" coveredstatements="34" conditionals="9" coveredconditionals="9" methods="6" coveredmethods="6"/>
      <file name="carousel.ts" path="C:\repositories\programming\projects-2024\to-work\ntt-data\BOOTCAMP--FRONTEND-REACT-NTT\src\pages\Home\components\CategorySection\components\HorizontalCarouselControl\modules\carousel.ts">
        <metrics statements="34" coveredstatements="34" conditionals="9" coveredconditionals="9" methods="6" coveredmethods="6"/>
        <line num="1" count="6" type="stmt"/>
        <line num="2" count="6" type="stmt"/>
        <line num="3" count="6" type="stmt"/>
        <line num="16" count="7" type="stmt"/>
        <line num="18" count="7" type="cond" truecount="2" falsecount="0"/>
        <line num="19" count="6" type="stmt"/>
        <line num="20" count="6" type="stmt"/>
        <line num="23" count="6" type="stmt"/>
        <line num="25" count="1" type="stmt"/>
        <line num="36" count="3" type="stmt"/>
        <line num="38" count="3" type="cond" truecount="2" falsecount="0"/>
        <line num="40" count="2" type="stmt"/>
        <line num="44" count="2" type="stmt"/>
        <line num="46" count="2" type="stmt"/>
        <line num="48" count="2" type="stmt"/>
        <line num="49" count="2" type="stmt"/>
        <line num="55" count="1" type="stmt"/>
        <line num="66" count="2" type="cond" truecount="1" falsecount="0"/>
        <line num="68" count="1" type="stmt"/>
        <line num="69" count="2" type="stmt"/>
        <line num="72" count="1" type="stmt"/>
        <line num="73" count="1" type="stmt"/>
        <line num="76" count="1" type="cond" truecount="1" falsecount="0"/>
        <line num="77" count="1" type="stmt"/>
        <line num="78" count="1" type="stmt"/>
        <line num="88" count="3" type="cond" truecount="1" falsecount="0"/>
        <line num="89" count="2" type="stmt"/>
        <line num="91" count="2" type="cond" truecount="2" falsecount="0"/>
        <line num="92" count="1" type="stmt"/>
        <line num="94" count="1" type="stmt"/>
        <line num="101" count="6" type="stmt"/>
        <line num="102" count="6" type="stmt"/>
        <line num="103" count="6" type="stmt"/>
        <line num="104" count="6" type="stmt"/>
      </file>
    </package>
    <package name="pages.Home.components.ProductSection">
      <metrics statements="16" coveredstatements="16" conditionals="3" coveredconditionals="3" methods="3" coveredmethods="3"/>
      <file name="ProductSection.tsx" path="C:\repositories\programming\projects-2024\to-work\ntt-data\BOOTCAMP--FRONTEND-REACT-NTT\src\pages\Home\components\ProductSection\ProductSection.tsx">
        <metrics statements="16" coveredstatements="16" conditionals="3" coveredconditionals="3" methods="3" coveredmethods="3"/>
        <line num="1" count="1" type="stmt"/>
        <line num="3" count="1" type="stmt"/>
        <line num="4" count="1" type="stmt"/>
        <line num="5" count="1" type="stmt"/>
        <line num="6" count="1" type="stmt"/>
        <line num="7" count="1" type="stmt"/>
        <line num="14" count="1" type="stmt"/>
        <line num="15" count="4" type="stmt"/>
        <line num="16" count="4" type="stmt"/>
        <line num="18" count="4" type="stmt"/>
        <line num="19" count="2" type="stmt"/>
        <line num="20" count="2" type="stmt"/>
        <line num="23" count="4" type="cond" truecount="1" falsecount="0"/>
        <line num="24" count="2" type="stmt"/>
        <line num="27" count="16" type="stmt"/>
        <line num="33" count="2" type="stmt"/>
      </file>
    </package>
    <package name="pages.Home.components.ProductSection.components.FilterError">
      <metrics statements="2" coveredstatements="2" conditionals="0" coveredconditionals="0" methods="1" coveredmethods="1"/>
      <file name="FilterError.tsx" path="C:\repositories\programming\projects-2024\to-work\ntt-data\BOOTCAMP--FRONTEND-REACT-NTT\src\pages\Home\components\ProductSection\components\FilterError\FilterError.tsx">
        <metrics statements="2" coveredstatements="2" conditionals="0" coveredconditionals="0" methods="1" coveredmethods="1"/>
        <line num="3" count="2" type="stmt"/>
        <line num="4" count="4" type="stmt"/>
      </file>
    </package>
    <package name="pages.Home.components.ProductSection.components.ProductCard">
      <metrics statements="7" coveredstatements="7" conditionals="0" coveredconditionals="0" methods="2" coveredmethods="2"/>
      <file name="ProductCard.tsx" path="C:\repositories\programming\projects-2024\to-work\ntt-data\BOOTCAMP--FRONTEND-REACT-NTT\src\pages\Home\components\ProductSection\components\ProductCard\ProductCard.tsx">
        <metrics statements="7" coveredstatements="7" conditionals="0" coveredconditionals="0" methods="2" coveredmethods="2"/>
        <line num="1" count="2" type="stmt"/>
        <line num="2" count="2" type="stmt"/>
        <line num="10" count="2" type="stmt"/>
        <line num="11" count="3" type="stmt"/>
        <line num="13" count="3" type="stmt"/>
        <line num="14" count="1" type="stmt"/>
        <line num="20" count="3" type="stmt"/>
      </file>
    </package>
    <package name="pages.Home.components.ProductSection.components.ProductSkeleton">
      <metrics statements="2" coveredstatements="2" conditionals="0" coveredconditionals="0" methods="1" coveredmethods="1"/>
      <file name="ProductSkeleton.tsx" path="C:\repositories\programming\projects-2024\to-work\ntt-data\BOOTCAMP--FRONTEND-REACT-NTT\src\pages\Home\components\ProductSection\components\ProductSkeleton\ProductSkeleton.tsx">
        <metrics statements="2" coveredstatements="2" conditionals="0" coveredconditionals="0" methods="1" coveredmethods="1"/>
        <line num="1" count="2" type="stmt"/>
        <line num="2" count="17" type="stmt"/>
      </file>
    </package>
    <package name="pages.Home.components.ProductSection.modules">
      <metrics statements="16" coveredstatements="16" conditionals="5" coveredconditionals="5" methods="5" coveredmethods="5"/>
      <file name="filterProductNames.ts" path="C:\repositories\programming\projects-2024\to-work\ntt-data\BOOTCAMP--FRONTEND-REACT-NTT\src\pages\Home\components\ProductSection\modules\filterProductNames.ts">
        <metrics statements="9" coveredstatements="9" conditionals="2" coveredconditionals="2" methods="3" coveredmethods="3"/>
        <line num="3" count="2" type="stmt"/>
        <line num="7" count="9" type="cond" truecount="1" falsecount="0"/>
        <line num="8" count="1" type="stmt"/>
        <line num="11" count="8" type="cond" truecount="1" falsecount="0"/>
        <line num="12" count="3" type="stmt"/>
        <line num="15" count="5" type="stmt"/>
        <line num="17" count="5" type="stmt"/>
        <line num="18" count="4" type="stmt"/>
        <line num="19" count="8" type="stmt"/>
      </file>
      <file name="showProducts.tsx" path="C:\repositories\programming\projects-2024\to-work\ntt-data\BOOTCAMP--FRONTEND-REACT-NTT\src\pages\Home\components\ProductSection\modules\showProducts.tsx">
        <metrics statements="7" coveredstatements="7" conditionals="3" coveredconditionals="3" methods="2" coveredmethods="2"/>
        <line num="2" count="1" type="stmt"/>
        <line num="3" count="1" type="stmt"/>
        <line num="5" count="1" type="stmt"/>
        <line num="6" count="2" type="cond" truecount="3" falsecount="0"/>
        <line num="7" count="1" type="stmt"/>
        <line num="9" count="1" type="stmt"/>
        <line num="10" count="1" type="stmt"/>
      </file>
    </package>
    <package name="pages.Home.components.types">
      <metrics statements="2" coveredstatements="2" conditionals="2" coveredconditionals="2" methods="1" coveredmethods="1"/>
      <file name="typeOfResponse.ts" path="C:\repositories\programming\projects-2024\to-work\ntt-data\BOOTCAMP--FRONTEND-REACT-NTT\src\pages\Home\components\types\typeOfResponse.ts">
        <metrics statements="2" coveredstatements="2" conditionals="2" coveredconditionals="2" methods="1" coveredmethods="1"/>
        <line num="1" count="1" type="cond" truecount="2" falsecount="0"/>
        <line num="2" count="1" type="stmt"/>
      </file>
    </package>
    <package name="pages.Summary">
      <metrics statements="8" coveredstatements="8" conditionals="2" coveredconditionals="2" methods="1" coveredmethods="1"/>
      <file name="Summary.tsx" path="C:\repositories\programming\projects-2024\to-work\ntt-data\BOOTCAMP--FRONTEND-REACT-NTT\src\pages\Summary\Summary.tsx">
        <metrics statements="8" coveredstatements="8" conditionals="2" coveredconditionals="2" methods="1" coveredmethods="1"/>
        <line num="1" count="1" type="stmt"/>
        <line num="2" count="1" type="stmt"/>
        <line num="3" count="1" type="stmt"/>
        <line num="4" count="1" type="stmt"/>
        <line num="5" count="1" type="stmt"/>
        <line num="7" count="1" type="stmt"/>
        <line num="8" count="3" type="stmt"/>
        <line num="10" count="3" type="stmt"/>
      </file>
    </package>
    <package name="pages.Summary.components.Cart">
      <metrics statements="12" coveredstatements="12" conditionals="0" coveredconditionals="0" methods="4" coveredmethods="4"/>
      <file name="Cart.tsx" path="C:\repositories\programming\projects-2024\to-work\ntt-data\BOOTCAMP--FRONTEND-REACT-NTT\src\pages\Summary\components\Cart\Cart.tsx">
        <metrics statements="12" coveredstatements="12" conditionals="0" coveredconditionals="0" methods="4" coveredmethods="4"/>
        <line num="1" count="3" type="stmt"/>
        <line num="2" count="3" type="stmt"/>
        <line num="3" count="3" type="stmt"/>
        <line num="5" count="3" type="stmt"/>
        <line num="6" count="17" type="stmt"/>
        <line num="7" count="17" type="stmt"/>
        <line num="9" count="17" type="stmt"/>
        <line num="10" count="9" type="stmt"/>
        <line num="11" count="8" type="stmt"/>
        <line num="13" count="9" type="stmt"/>
        <line num="16" count="17" type="stmt"/>
        <line num="29" count="16" type="stmt"/>
      </file>
    </package>
    <package name="pages.Summary.components.Cart.componets.CartProducts">
      <metrics statements="10" coveredstatements="10" conditionals="0" coveredconditionals="0" methods="4" coveredmethods="4"/>
      <file name="CartProducts.tsx" path="C:\repositories\programming\projects-2024\to-work\ntt-data\BOOTCAMP--FRONTEND-REACT-NTT\src\pages\Summary\components\Cart\componets\CartProducts\CartProducts.tsx">
        <metrics statements="10" coveredstatements="10" conditionals="0" coveredconditionals="0" methods="4" coveredmethods="4"/>
        <line num="2" count="4" type="stmt"/>
        <line num="3" count="4" type="stmt"/>
        <line num="10" count="4" type="stmt"/>
        <line num="11" count="20" type="stmt"/>
        <line num="12" count="20" type="stmt"/>
        <line num="14" count="20" type="stmt"/>
        <line num="17" count="1" type="stmt"/>
        <line num="24" count="1" type="stmt"/>
        <line num="28" count="1" type="stmt"/>
        <line num="31" count="20" type="stmt"/>
      </file>
    </package>
    <package name="pages.Summary.components.Cart.componets.EmptyCart">
      <metrics statements="2" coveredstatements="2" conditionals="0" coveredconditionals="0" methods="1" coveredmethods="1"/>
      <file name="emptyCart.tsx" path="C:\repositories\programming\projects-2024\to-work\ntt-data\BOOTCAMP--FRONTEND-REACT-NTT\src\pages\Summary\components\Cart\componets\EmptyCart\emptyCart.tsx">
        <metrics statements="2" coveredstatements="2" conditionals="0" coveredconditionals="0" methods="1" coveredmethods="1"/>
        <line num="1" count="2" type="stmt"/>
        <line num="2" count="2" type="stmt"/>
      </file>
    </package>
    <package name="pages.Summary.components.OrderForm">
      <metrics statements="20" coveredstatements="13" conditionals="13" coveredconditionals="6" methods="4" coveredmethods="1"/>
      <file name="OrderForm.tsx" path="C:\repositories\programming\projects-2024\to-work\ntt-data\BOOTCAMP--FRONTEND-REACT-NTT\src\pages\Summary\components\OrderForm\OrderForm.tsx">
        <metrics statements="20" coveredstatements="13" conditionals="13" coveredconditionals="6" methods="4" coveredmethods="1"/>
        <line num="1" count="1" type="stmt"/>
        <line num="2" count="1" type="stmt"/>
        <line num="3" count="1" type="stmt"/>
        <line num="4" count="1" type="stmt"/>
        <line num="5" count="1" type="stmt"/>
        <line num="16" count="1" type="stmt"/>
        <line num="25" count="1" type="stmt"/>
        <line num="26" count="2" type="stmt"/>
        <line num="27" count="1" type="stmt"/>
        <line num="29" count="1" type="stmt"/>
        <line num="30" count="0" type="stmt"/>
        <line num="31" count="0" type="stmt"/>
        <line num="34" count="1" type="stmt"/>
        <line num="36" count="1" type="stmt"/>
        <line num="37" count="0" type="stmt"/>
        <line num="38" count="0" type="cond" truecount="0" falsecount="1"/>
        <line num="39" count="0" type="stmt"/>
        <line num="40" count="0" type="stmt"/>
        <line num="41" count="0" type="stmt"/>
        <line num="45" count="1" type="stmt"/>
      </file>
    </package>
    <package name="pages.Summary.components.OrderForm.components.Select">
      <metrics statements="12" coveredstatements="12" conditionals="2" coveredconditionals="2" methods="4" coveredmethods="4"/>
      <file name="Select.tsx" path="C:\repositories\programming\projects-2024\to-work\ntt-data\BOOTCAMP--FRONTEND-REACT-NTT\src\pages\Summary\components\OrderForm\components\Select\Select.tsx">
        <metrics statements="12" coveredstatements="12" conditionals="2" coveredconditionals="2" methods="4" coveredmethods="4"/>
        <line num="1" count="2" type="stmt"/>
        <line num="2" count="2" type="stmt"/>
        <line num="3" count="2" type="stmt"/>
        <line num="5" count="2" type="stmt"/>
        <line num="11" count="2" type="stmt"/>
        <line num="12" count="7" type="stmt"/>
        <line num="14" count="7" type="stmt"/>
        <line num="15" count="7" type="stmt"/>
        <line num="16" count="7" type="stmt"/>
        <line num="18" count="7" type="stmt"/>
        <line num="22" count="1" type="stmt"/>
        <line num="38" count="10" type="stmt"/>
      </file>
    </package>
    <package name="pages.Summary.components.OrderForm.components.Select.components">
      <metrics statements="8" coveredstatements="8" conditionals="8" coveredconditionals="6" methods="3" coveredmethods="3"/>
      <file name="Options.tsx" path="C:\repositories\programming\projects-2024\to-work\ntt-data\BOOTCAMP--FRONTEND-REACT-NTT\src\pages\Summary\components\OrderForm\components\Select\components\Options.tsx">
        <metrics statements="8" coveredstatements="8" conditionals="8" coveredconditionals="6" methods="3" coveredmethods="3"/>
        <line num="1" count="3" type="stmt"/>
        <line num="11" count="3" type="stmt"/>
        <line num="17" count="12" type="stmt"/>
        <line num="20" count="2" type="cond" truecount="4" falsecount="0"/>
        <line num="21" count="2" type="stmt"/>
        <line num="23" count="2" type="stmt"/>
        <line num="24" count="2" type="stmt"/>
        <line num="31" count="12" type="stmt"/>
      </file>
    </package>
    <package name="pages.Summary.components.OrderForm.modules">
      <metrics statements="34" coveredstatements="32" conditionals="20" coveredconditionals="18" methods="5" coveredmethods="5"/>
      <file name="validateForm.ts" path="C:\repositories\programming\projects-2024\to-work\ntt-data\BOOTCAMP--FRONTEND-REACT-NTT\src\pages\Summary\components\OrderForm\modules\validateForm.ts">
        <metrics statements="34" coveredstatements="32" conditionals="20" coveredconditionals="18" methods="5" coveredmethods="5"/>
        <line num="3" count="2" type="cond" truecount="2" falsecount="0"/>
        <line num="4" count="2" type="stmt"/>
        <line num="5" count="2" type="stmt"/>
        <line num="6" count="2" type="stmt"/>
        <line num="14" count="2" type="stmt"/>
        <line num="15" count="3" type="stmt"/>
        <line num="17" count="3" type="stmt"/>
        <line num="18" count="3" type="stmt"/>
        <line num="19" count="3" type="stmt"/>
        <line num="23" count="3" type="stmt"/>
        <line num="24" count="18" type="cond" truecount="2" falsecount="0"/>
        <line num="27" count="3" type="stmt"/>
        <line num="28" count="4" type="cond" truecount="2" falsecount="0"/>
        <line num="33" count="3" type="stmt"/>
        <line num="34" count="2" type="cond" truecount="0" falsecount="1"/>
        <line num="35" count="0" type="stmt"/>
        <line num="38" count="2" type="cond" truecount="0" falsecount="1"/>
        <line num="39" count="0" type="stmt"/>
        <line num="42" count="2" type="stmt"/>
        <line num="45" count="3" type="cond" truecount="2" falsecount="0"/>
        <line num="46" count="3" type="cond" truecount="1" falsecount="0"/>
        <line num="49" count="3" type="cond" truecount="2" falsecount="0"/>
        <line num="50" count="3" type="cond" truecount="1" falsecount="0"/>
        <line num="52" count="3" type="stmt"/>
        <line num="53" count="3" type="cond" truecount="1" falsecount="0"/>
        <line num="55" count="3" type="stmt"/>
        <line num="56" count="3" type="cond" truecount="1" falsecount="0"/>
        <line num="58" count="3" type="stmt"/>
        <line num="59" count="3" type="cond" truecount="1" falsecount="0"/>
        <line num="62" count="3" type="cond" truecount="2" falsecount="0"/>
        <line num="63" count="3" type="cond" truecount="1" falsecount="0"/>
        <line num="65" count="3" type="stmt"/>
        <line num="67" count="3" type="stmt"/>
        <line num="69" count="3" type="stmt"/>
      </file>
    </package>
    <package name="pages.components.Footer">
      <metrics statements="3" coveredstatements="3" conditionals="0" coveredconditionals="0" methods="1" coveredmethods="1"/>
      <file name="Footer.tsx" path="C:\repositories\programming\projects-2024\to-work\ntt-data\BOOTCAMP--FRONTEND-REACT-NTT\src\pages\components\Footer\Footer.tsx">
        <metrics statements="3" coveredstatements="3" conditionals="0" coveredconditionals="0" methods="1" coveredmethods="1"/>
        <line num="1" count="1" type="stmt"/>
        <line num="3" count="1" type="stmt"/>
        <line num="5" count="4" type="stmt"/>
      </file>
    </package>
    <package name="pages.components.Navbar">
      <metrics statements="15" coveredstatements="12" conditionals="0" coveredconditionals="0" methods="4" coveredmethods="3"/>
      <file name="Navbar.tsx" path="C:\repositories\programming\projects-2024\to-work\ntt-data\BOOTCAMP--FRONTEND-REACT-NTT\src\pages\components\Navbar\Navbar.tsx">
        <metrics statements="15" coveredstatements="12" conditionals="0" coveredconditionals="0" methods="4" coveredmethods="3"/>
        <line num="2" count="1" type="stmt"/>
        <line num="3" count="1" type="stmt"/>
        <line num="4" count="1" type="stmt"/>
        <line num="5" count="1" type="stmt"/>
        <line num="7" count="1" type="stmt"/>
        <line num="9" count="6" type="stmt"/>
        <line num="10" count="6" type="stmt"/>
        <line num="11" count="6" type="stmt"/>
        <line num="14" count="0" type="stmt"/>
        <line num="15" count="0" type="stmt"/>
        <line num="16" count="0" type="stmt"/>
        <line num="19" count="6" type="stmt"/>
        <line num="20" count="6" type="stmt"/>
        <line num="31" count="1" type="stmt"/>
        <line num="54" count="1" type="stmt"/>
      </file>
    </package>
    <package name="services">
      <metrics statements="47" coveredstatements="47" conditionals="6" coveredconditionals="6" methods="5" coveredmethods="5"/>
      <file name="api.service.ts" path="C:\repositories\programming\projects-2024\to-work\ntt-data\BOOTCAMP--FRONTEND-REACT-NTT\src\services\api.service.ts">
        <metrics statements="36" coveredstatements="36" conditionals="4" coveredconditionals="4" methods="4" coveredmethods="4"/>
        <line num="1" count="4" type="stmt"/>
        <line num="9" count="4" type="stmt"/>
        <line num="10" count="4" type="stmt"/>
        <line num="12" count="4" type="stmt"/>
        <line num="13" count="2" type="cond" truecount="1" falsecount="0"/>
        <line num="14" count="1" type="stmt"/>
        <line num="18" count="1" type="stmt"/>
        <line num="19" count="1" type="stmt"/>
        <line num="21" count="3" type="stmt"/>
        <line num="29" count="3" type="stmt"/>
        <line num="30" count="3" type="stmt"/>
        <line num="31" count="3" type="stmt"/>
        <line num="32" count="2" type="cond" truecount="1" falsecount="0"/>
        <line num="33" count="1" type="stmt"/>
        <line num="37" count="1" type="stmt"/>
        <line num="38" count="1" type="stmt"/>
        <line num="40" count="1" type="stmt"/>
        <line num="47" count="2" type="stmt"/>
        <line num="52" count="3" type="stmt"/>
        <line num="53" count="3" type="stmt"/>
        <line num="55" count="3" type="stmt"/>
        <line num="56" count="2" type="cond" truecount="1" falsecount="0"/>
        <line num="57" count="1" type="stmt"/>
        <line num="61" count="1" type="stmt"/>
        <line num="63" count="1" type="stmt"/>
        <line num="65" count="2" type="stmt"/>
        <line num="70" count="3" type="stmt"/>
        <line num="71" count="3" type="stmt"/>
        <line num="72" count="2" type="cond" truecount="1" falsecount="0"/>
        <line num="73" count="1" type="stmt"/>
        <line num="74" count="1" type="stmt"/>
        <line num="76" count="2" type="stmt"/>
        <line num="81" count="4" type="stmt"/>
        <line num="82" count="4" type="stmt"/>
        <line num="83" count="4" type="stmt"/>
        <line num="84" count="4" type="stmt"/>
      </file>
      <file name="apiuser.service.ts" path="C:\repositories\programming\projects-2024\to-work\ntt-data\BOOTCAMP--FRONTEND-REACT-NTT\src\services\apiuser.service.ts">
        <metrics statements="11" coveredstatements="11" conditionals="2" coveredconditionals="2" methods="1" coveredmethods="1"/>
        <line num="3" count="1" type="stmt"/>
        <line num="7" count="3" type="stmt"/>
        <line num="8" count="3" type="stmt"/>
        <line num="10" count="3" type="stmt"/>
        <line num="23" count="3" type="cond" truecount="1" falsecount="0"/>
        <line num="24" count="2" type="cond" truecount="1" falsecount="0"/>
        <line num="25" count="1" type="stmt"/>
        <line num="27" count="1" type="stmt"/>
        <line num="32" count="1" type="stmt"/>
        <line num="34" count="1" type="stmt"/>
        <line num="36" count="2" type="stmt"/>
      </file>
    </package>
    <package name="services.__mock__">
      <metrics statements="6" coveredstatements="6" conditionals="0" coveredconditionals="0" methods="0" coveredmethods="0"/>
      <file name="allProducts.ts" path="C:\repositories\programming\projects-2024\to-work\ntt-data\BOOTCAMP--FRONTEND-REACT-NTT\src\services\__mock__\allProducts.ts">
        <metrics statements="4" coveredstatements="4" conditionals="0" coveredconditionals="0" methods="0" coveredmethods="0"/>
        <line num="1" count="2" type="stmt"/>
        <line num="2" count="2" type="stmt"/>
        <line num="5" count="2" type="stmt"/>
        <line num="13" count="2" type="stmt"/>
      </file>
      <file name="categoryList.ts" path="C:\repositories\programming\projects-2024\to-work\ntt-data\BOOTCAMP--FRONTEND-REACT-NTT\src\services\__mock__\categoryList.ts">
        <metrics statements="1" coveredstatements="1" conditionals="0" coveredconditionals="0" methods="0" coveredmethods="0"/>
        <line num="1" count="2" type="stmt"/>
      </file>
      <file name="user.ts" path="C:\repositories\programming\projects-2024\to-work\ntt-data\BOOTCAMP--FRONTEND-REACT-NTT\src\services\__mock__\user.ts">
        <metrics statements="1" coveredstatements="1" conditionals="0" coveredconditionals="0" methods="0" coveredmethods="0"/>
        <line num="13" count="1" type="stmt"/>
      </file>
    </package>
    <package name="utils">
      <metrics statements="10" coveredstatements="7" conditionals="2" coveredconditionals="2" methods="6" coveredmethods="3"/>
      <file name="mockFetch.ts" path="C:\repositories\programming\projects-2024\to-work\ntt-data\BOOTCAMP--FRONTEND-REACT-NTT\src\utils\mockFetch.ts">
        <metrics statements="10" coveredstatements="7" conditionals="2" coveredconditionals="2" methods="6" coveredmethods="3"/>
        <line num="1" count="2" type="stmt"/>
        <line num="6" count="11" type="stmt"/>
        <line num="7" count="11" type="stmt"/>
        <line num="10" count="5" type="stmt"/>
        <line num="11" count="0" type="stmt"/>
        <line num="12" count="0" type="stmt"/>
        <line num="13" count="0" type="stmt"/>
        <line num="15" count="11" type="stmt"/>
        <line num="18" count="11" type="stmt"/>
        <line num="19" count="11" type="stmt"/>
      </file>
    </package>
  </project>
</coverage>
