{"C:\\repositories\\programming\\projects-2024\\to-work\\ntt-data\\BOOTCAMP--FRONTEND-REACT-NTT\\src\\Hooks\\UseFetch.ts": {"path":"C:\\repositories\\programming\\projects-2024\\to-work\\ntt-data\\BOOTCAMP--FRONTEND-REACT-NTT\\src\\Hooks\\UseFetch.ts","statementMap":{"0":{"start":{"line":1,"column":0},"end":{"line":1,"column":44}},"1":{"start":{"line":13,"column":24},"end":{"line":38,"column":1}},"2":{"start":{"line":15,"column":28},"end":{"line":15,"column":51}},"3":{"start":{"line":16,"column":34},"end":{"line":16,"column":49}},"4":{"start":{"line":17,"column":30},"end":{"line":17,"column":55}},"5":{"start":{"line":19,"column":4},"end":{"line":35,"column":null}},"6":{"start":{"line":21,"column":8},"end":{"line":21,"column":null}},"7":{"start":{"line":22,"column":26},"end":{"line":32,"column":9}},"8":{"start":{"line":23,"column":12},"end":{"line":31,"column":13}},"9":{"start":{"line":24,"column":29},"end":{"line":24,"column":44}},"10":{"start":{"line":25,"column":16},"end":{"line":25,"column":null}},"11":{"start":{"line":26,"column":16},"end":{"line":26,"column":null}},"12":{"start":{"line":28,"column":16},"end":{"line":28,"column":null}},"13":{"start":{"line":30,"column":16},"end":{"line":30,"column":null}},"14":{"start":{"line":33,"column":8},"end":{"line":33,"column":null}},"15":{"start":{"line":37,"column":4},"end":{"line":37,"column":null}},"16":{"start":{"line":13,"column":13},"end":{"line":13,"column":24}}},"fnMap":{"0":{"name":"(anonymous_0)","decl":{"start":{"line":13,"column":24},"end":{"line":13,"column":28}},"loc":{"start":{"line":13,"column":74},"end":{"line":38,"column":1}}},"1":{"name":"(anonymous_1)","decl":{"start":{"line":19,"column":14},"end":{"line":19,"column":17}},"loc":{"start":{"line":19,"column":19},"end":{"line":35,"column":5}}},"2":{"name":"(anonymous_2)","decl":{"start":{"line":22,"column":26},"end":{"line":22,"column":31}},"loc":{"start":{"line":22,"column":37},"end":{"line":32,"column":9}}}},"branchMap":{},"s":{"0":2,"1":2,"2":23,"3":23,"4":23,"5":23,"6":8,"7":8,"8":8,"9":8,"10":6,"11":6,"12":2,"13":8,"14":8,"15":23,"16":2},"f":{"0":23,"1":8,"2":8},"b":{}}
,"C:\\repositories\\programming\\projects-2024\\to-work\\ntt-data\\BOOTCAMP--FRONTEND-REACT-NTT\\src\\config\\jest\\styleMock.ts": {"path":"C:\\repositories\\programming\\projects-2024\\to-work\\ntt-data\\BOOTCAMP--FRONTEND-REACT-NTT\\src\\config\\jest\\styleMock.ts","statementMap":{"0":{"start":{"line":1,"column":0},"end":{"line":1,"column":18}}},"fnMap":{},"branchMap":{},"s":{"0":8},"f":{},"b":{}}
,"C:\\repositories\\programming\\projects-2024\\to-work\\ntt-data\\BOOTCAMP--FRONTEND-REACT-NTT\\src\\context\\index.ts": {"path":"C:\\repositories\\programming\\projects-2024\\to-work\\ntt-data\\BOOTCAMP--FRONTEND-REACT-NTT\\src\\context\\index.ts","statementMap":{"0":{"start":{"line":1,"column":0},"end":{"line":1,"column":30}},"1":{"start":{"line":2,"column":0},"end":{"line":2,"column":25}}},"fnMap":{},"branchMap":{},"s":{"0":1,"1":1},"f":{},"b":{}}
,"C:\\repositories\\programming\\projects-2024\\to-work\\ntt-data\\BOOTCAMP--FRONTEND-REACT-NTT\\src\\context\\ShoppingCart\\ShoppingCart.provider.tsx": {"path":"C:\\repositories\\programming\\projects-2024\\to-work\\ntt-data\\BOOTCAMP--FRONTEND-REACT-NTT\\src\\context\\ShoppingCart\\ShoppingCart.provider.tsx","statementMap":{"0":{"start":{"line":1,"column":0},"end":{"line":1,"column":60}},"1":{"start":{"line":4,"column":0},"end":{"line":4,"column":68}},"2":{"start":{"line":10,"column":28},"end":{"line":16,"column":2}},"3":{"start":{"line":30,"column":4},"end":{"line":30,"column":23}},"4":{"start":{"line":18,"column":29},"end":{"line":27,"column":1}},"5":{"start":{"line":19,"column":43},"end":{"line":19,"column":82}},"6":{"start":{"line":21,"column":4},"end":{"line":26,"column":null}},"7":{"start":{"line":31,"column":4},"end":{"line":31,"column":24}}},"fnMap":{"0":{"name":"(anonymous_0)","decl":{"start":{"line":15,"column":23},"end":{"line":15,"column":26}},"loc":{"start":{"line":15,"column":28},"end":{"line":15,"column":31}}},"1":{"name":"(anonymous_1)","decl":{"start":{"line":18,"column":29},"end":{"line":18,"column":30}},"loc":{"start":{"line":18,"column":51},"end":{"line":27,"column":1}}}},"branchMap":{},"s":{"0":3,"1":3,"2":3,"3":3,"4":3,"5":4,"6":4,"7":3},"f":{"0":0,"1":4},"b":{}}
,"C:\\repositories\\programming\\projects-2024\\to-work\\ntt-data\\BOOTCAMP--FRONTEND-REACT-NTT\\src\\context\\ShoppingCart\\ShoppingCart.reduce.ts": {"path":"C:\\repositories\\programming\\projects-2024\\to-work\\ntt-data\\BOOTCAMP--FRONTEND-REACT-NTT\\src\\context\\ShoppingCart\\ShoppingCart.reduce.ts","statementMap":{"0":{"start":{"line":1,"column":0},"end":{"line":1,"column":77}},"1":{"start":{"line":4,"column":35},"end":{"line":4,"column":37}},"2":{"start":{"line":66,"column":4},"end":{"line":66,"column":19}},"3":{"start":{"line":6,"column":19},"end":{"line":62,"column":1}},"4":{"start":{"line":9,"column":8},"end":{"line":9,"column":null}},"5":{"start":{"line":9,"column":37},"end":{"line":9,"column":80}},"6":{"start":{"line":14,"column":31},"end":{"line":14,"column":65}},"7":{"start":{"line":16,"column":8},"end":{"line":24,"column":9}},"8":{"start":{"line":17,"column":12},"end":{"line":21,"column":14}},"9":{"start":{"line":18,"column":16},"end":{"line":20,"column":29}},"10":{"start":{"line":23,"column":12},"end":{"line":23,"column":42}},"11":{"start":{"line":29,"column":8},"end":{"line":37,"column":46}},"12":{"start":{"line":30,"column":12},"end":{"line":35,"column":13}},"13":{"start":{"line":31,"column":16},"end":{"line":33,"column":17}},"14":{"start":{"line":32,"column":20},"end":{"line":32,"column":32}},"15":{"start":{"line":34,"column":16},"end":{"line":34,"column":70}},"16":{"start":{"line":36,"column":12},"end":{"line":36,"column":27}},"17":{"start":{"line":43,"column":8},"end":{"line":48,"column":46}},"18":{"start":{"line":44,"column":12},"end":{"line":46,"column":13}},"19":{"start":{"line":45,"column":16},"end":{"line":45,"column":28}},"20":{"start":{"line":47,"column":12},"end":{"line":47,"column":27}},"21":{"start":{"line":52,"column":4},"end":{"line":61,"column":5}},"22":{"start":{"line":54,"column":12},"end":{"line":54,"column":null}},"23":{"start":{"line":56,"column":12},"end":{"line":56,"column":null}},"24":{"start":{"line":58,"column":12},"end":{"line":58,"column":null}},"25":{"start":{"line":60,"column":12},"end":{"line":60,"column":25}},"26":{"start":{"line":65,"column":4},"end":{"line":65,"column":14}}},"fnMap":{"0":{"name":"(anonymous_0)","decl":{"start":{"line":6,"column":19},"end":{"line":6,"column":20}},"loc":{"start":{"line":6,"column":67},"end":{"line":62,"column":1}}},"1":{"name":"filterExistingProducts","decl":{"start":{"line":8,"column":13},"end":{"line":8,"column":35}},"loc":{"start":{"line":8,"column":60},"end":{"line":10,"column":5}}},"2":{"name":"(anonymous_2)","decl":{"start":{"line":9,"column":26},"end":{"line":9,"column":27}},"loc":{"start":{"line":9,"column":37},"end":{"line":9,"column":80}}},"3":{"name":"addToCart","decl":{"start":{"line":12,"column":13},"end":{"line":12,"column":22}},"loc":{"start":{"line":12,"column":48},"end":{"line":25,"column":5}}},"4":{"name":"(anonymous_4)","decl":{"start":{"line":17,"column":29},"end":{"line":17,"column":30}},"loc":{"start":{"line":18,"column":16},"end":{"line":20,"column":29}}},"5":{"name":"decreaseProduct","decl":{"start":{"line":27,"column":13},"end":{"line":27,"column":28}},"loc":{"start":{"line":27,"column":38},"end":{"line":39,"column":5}}},"6":{"name":"(anonymous_6)","decl":{"start":{"line":29,"column":25},"end":{"line":29,"column":26}},"loc":{"start":{"line":29,"column":37},"end":{"line":37,"column":9}}},"7":{"name":"removeProduct","decl":{"start":{"line":41,"column":13},"end":{"line":41,"column":26}},"loc":{"start":{"line":41,"column":36},"end":{"line":50,"column":5}}},"8":{"name":"(anonymous_8)","decl":{"start":{"line":43,"column":25},"end":{"line":43,"column":26}},"loc":{"start":{"line":43,"column":37},"end":{"line":48,"column":9}}}},"branchMap":{"0":{"loc":{"start":{"line":16,"column":8},"end":{"line":24,"column":9}},"type":"if","locations":[{"start":{"line":16,"column":8},"end":{"line":24,"column":9}},{"start":{"line":22,"column":15},"end":{"line":24,"column":9}}]},"1":{"loc":{"start":{"line":18,"column":16},"end":{"line":20,"column":29}},"type":"cond-expr","locations":[{"start":{"line":19,"column":22},"end":{"line":19,"column":86}},{"start":{"line":20,"column":22},"end":{"line":20,"column":29}}]},"2":{"loc":{"start":{"line":30,"column":12},"end":{"line":35,"column":13}},"type":"if","locations":[{"start":{"line":30,"column":12},"end":{"line":35,"column":13}}]},"3":{"loc":{"start":{"line":31,"column":16},"end":{"line":33,"column":17}},"type":"if","locations":[{"start":{"line":31,"column":16},"end":{"line":33,"column":17}}]},"4":{"loc":{"start":{"line":44,"column":12},"end":{"line":46,"column":13}},"type":"if","locations":[{"start":{"line":44,"column":12},"end":{"line":46,"column":13}}]},"5":{"loc":{"start":{"line":52,"column":4},"end":{"line":61,"column":5}},"type":"switch","locations":[{"start":{"line":53,"column":8},"end":{"line":54,"column":null}},{"start":{"line":55,"column":8},"end":{"line":56,"column":null}},{"start":{"line":57,"column":8},"end":{"line":58,"column":null}},{"start":{"line":59,"column":8},"end":{"line":60,"column":25}}]}},"s":{"0":4,"1":4,"2":4,"3":4,"4":3,"5":1,"6":3,"7":3,"8":1,"9":1,"10":2,"11":2,"12":2,"13":2,"14":1,"15":1,"16":0,"17":1,"18":1,"19":1,"20":0,"21":7,"22":3,"23":2,"24":1,"25":1,"26":4},"f":{"0":7,"1":3,"2":1,"3":3,"4":1,"5":2,"6":2,"7":1,"8":1},"b":{"0":[1,2],"1":[1,0],"2":[2],"3":[1],"4":[1],"5":[3,2,1,1]}}
,"C:\\repositories\\programming\\projects-2024\\to-work\\ntt-data\\BOOTCAMP--FRONTEND-REACT-NTT\\src\\context\\ShoppingCart\\UseShoppingCart.context.ts": {"path":"C:\\repositories\\programming\\projects-2024\\to-work\\ntt-data\\BOOTCAMP--FRONTEND-REACT-NTT\\src\\context\\ShoppingCart\\UseShoppingCart.context.ts","statementMap":{"0":{"start":{"line":1,"column":0},"end":{"line":1,"column":35}},"1":{"start":{"line":2,"column":0},"end":{"line":2,"column":62}},"2":{"start":{"line":4,"column":38},"end":{"line":14,"column":1}},"3":{"start":{"line":6,"column":20},"end":{"line":6,"column":51}},"4":{"start":{"line":8,"column":4},"end":{"line":10,"column":5}},"5":{"start":{"line":9,"column":8},"end":{"line":9,"column":91}},"6":{"start":{"line":12,"column":4},"end":{"line":12,"column":19}},"7":{"start":{"line":4,"column":13},"end":{"line":4,"column":38}}},"fnMap":{"0":{"name":"(anonymous_0)","decl":{"start":{"line":4,"column":38},"end":{"line":4,"column":41}},"loc":{"start":{"line":4,"column":43},"end":{"line":14,"column":1}}}},"branchMap":{"0":{"loc":{"start":{"line":8,"column":4},"end":{"line":10,"column":5}},"type":"if","locations":[{"start":{"line":8,"column":4},"end":{"line":10,"column":5}}]}},"s":{"0":2,"1":2,"2":2,"3":2,"4":2,"5":0,"6":2,"7":2},"f":{"0":2},"b":{"0":[0]}}
,"C:\\repositories\\programming\\projects-2024\\to-work\\ntt-data\\BOOTCAMP--FRONTEND-REACT-NTT\\src\\context\\ShoppingCart\\index.ts": {"path":"C:\\repositories\\programming\\projects-2024\\to-work\\ntt-data\\BOOTCAMP--FRONTEND-REACT-NTT\\src\\context\\ShoppingCart\\index.ts","statementMap":{"0":{"start":{"line":1,"column":0},"end":{"line":1,"column":39}},"1":{"start":{"line":2,"column":0},"end":{"line":2,"column":37}},"2":{"start":{"line":3,"column":0},"end":{"line":3,"column":41}}},"fnMap":{},"branchMap":{},"s":{"0":1,"1":1,"2":1},"f":{},"b":{}}
,"C:\\repositories\\programming\\projects-2024\\to-work\\ntt-data\\BOOTCAMP--FRONTEND-REACT-NTT\\src\\context\\filters\\Usefilters.context.ts": {"path":"C:\\repositories\\programming\\projects-2024\\to-work\\ntt-data\\BOOTCAMP--FRONTEND-REACT-NTT\\src\\context\\filters\\Usefilters.context.ts","statementMap":{"0":{"start":{"line":1,"column":0},"end":{"line":1,"column":35}},"1":{"start":{"line":2,"column":0},"end":{"line":2,"column":51}},"2":{"start":{"line":4,"column":32},"end":{"line":14,"column":1}},"3":{"start":{"line":6,"column":20},"end":{"line":6,"column":45}},"4":{"start":{"line":8,"column":4},"end":{"line":10,"column":5}},"5":{"start":{"line":9,"column":6},"end":{"line":9,"column":null}},"6":{"start":{"line":12,"column":4},"end":{"line":12,"column":19}},"7":{"start":{"line":4,"column":13},"end":{"line":4,"column":32}}},"fnMap":{"0":{"name":"(anonymous_0)","decl":{"start":{"line":4,"column":32},"end":{"line":4,"column":35}},"loc":{"start":{"line":4,"column":37},"end":{"line":14,"column":1}}}},"branchMap":{"0":{"loc":{"start":{"line":8,"column":4},"end":{"line":10,"column":5}},"type":"if","locations":[{"start":{"line":8,"column":4},"end":{"line":10,"column":5}}]}},"s":{"0":2,"1":2,"2":2,"3":5,"4":5,"5":4,"6":1,"7":2},"f":{"0":5},"b":{"0":[4]}}
,"C:\\repositories\\programming\\projects-2024\\to-work\\ntt-data\\BOOTCAMP--FRONTEND-REACT-NTT\\src\\context\\filters\\filters.provider.tsx": {"path":"C:\\repositories\\programming\\projects-2024\\to-work\\ntt-data\\BOOTCAMP--FRONTEND-REACT-NTT\\src\\context\\filters\\filters.provider.tsx","statementMap":{"0":{"start":{"line":1,"column":0},"end":{"line":1,"column":59}},"1":{"start":{"line":14,"column":22},"end":{"line":14,"column":77}},"2":{"start":{"line":35,"column":4},"end":{"line":35,"column":17}},"3":{"start":{"line":16,"column":23},"end":{"line":32,"column":1}},"4":{"start":{"line":18,"column":46},"end":{"line":18,"column":58}},"5":{"start":{"line":19,"column":51},"end":{"line":19,"column":63}},"6":{"start":{"line":21,"column":4},"end":{"line":30,"column":6}},"7":{"start":{"line":36,"column":4},"end":{"line":36,"column":18}}},"fnMap":{"0":{"name":"(anonymous_0)","decl":{"start":{"line":16,"column":23},"end":{"line":16,"column":24}},"loc":{"start":{"line":16,"column":45},"end":{"line":32,"column":1}}}},"branchMap":{},"s":{"0":3,"1":3,"2":3,"3":3,"4":4,"5":4,"6":4,"7":3},"f":{"0":4},"b":{}}
,"C:\\repositories\\programming\\projects-2024\\to-work\\ntt-data\\BOOTCAMP--FRONTEND-REACT-NTT\\src\\context\\filters\\index.ts": {"path":"C:\\repositories\\programming\\projects-2024\\to-work\\ntt-data\\BOOTCAMP--FRONTEND-REACT-NTT\\src\\context\\filters\\index.ts","statementMap":{"0":{"start":{"line":1,"column":0},"end":{"line":1,"column":34}},"1":{"start":{"line":2,"column":0},"end":{"line":2,"column":36}}},"fnMap":{},"branchMap":{},"s":{"0":1,"1":1},"f":{},"b":{}}
,"C:\\repositories\\programming\\projects-2024\\to-work\\ntt-data\\BOOTCAMP--FRONTEND-REACT-NTT\\src\\mappers\\product.mapper.ts": {"path":"C:\\repositories\\programming\\projects-2024\\to-work\\ntt-data\\BOOTCAMP--FRONTEND-REACT-NTT\\src\\mappers\\product.mapper.ts","statementMap":{"0":{"start":{"line":3,"column":29},"end":{"line":9,"column":2}},"1":{"start":{"line":3,"column":66},"end":{"line":9,"column":2}},"2":{"start":{"line":3,"column":13},"end":{"line":3,"column":29}}},"fnMap":{"0":{"name":"(anonymous_0)","decl":{"start":{"line":3,"column":29},"end":{"line":3,"column":30}},"loc":{"start":{"line":3,"column":66},"end":{"line":9,"column":2}}}},"branchMap":{},"s":{"0":14,"1":16,"2":14},"f":{"0":16},"b":{}}
,"C:\\repositories\\programming\\projects-2024\\to-work\\ntt-data\\BOOTCAMP--FRONTEND-REACT-NTT\\src\\mappers\\__mock__\\Product.ts": {"path":"C:\\repositories\\programming\\projects-2024\\to-work\\ntt-data\\BOOTCAMP--FRONTEND-REACT-NTT\\src\\mappers\\__mock__\\Product.ts","statementMap":{"0":{"start":{"line":3,"column":13},"end":{"line":61,"column":2}}},"fnMap":{},"branchMap":{},"s":{"0":13},"f":{},"b":{}}
,"C:\\repositories\\programming\\projects-2024\\to-work\\ntt-data\\BOOTCAMP--FRONTEND-REACT-NTT\\src\\mappers\\__stubs__\\product.stub.ts": {"path":"C:\\repositories\\programming\\projects-2024\\to-work\\ntt-data\\BOOTCAMP--FRONTEND-REACT-NTT\\src\\mappers\\__stubs__\\product.stub.ts","statementMap":{"0":{"start":{"line":1,"column":0},"end":{"line":1,"column":50}},"1":{"start":{"line":2,"column":0},"end":{"line":2,"column":50}},"2":{"start":{"line":4,"column":13},"end":{"line":4,"column":54}}},"fnMap":{},"branchMap":{},"s":{"0":13,"1":13,"2":13},"f":{},"b":{}}
,"C:\\repositories\\programming\\projects-2024\\to-work\\ntt-data\\BOOTCAMP--FRONTEND-REACT-NTT\\src\\models\\app-store.model.ts": {"path":"C:\\repositories\\programming\\projects-2024\\to-work\\ntt-data\\BOOTCAMP--FRONTEND-REACT-NTT\\src\\models\\app-store.model.ts","statementMap":{"0":{"start":{"line":3,"column":0},"end":{"line":3,"column":null}},"1":{"start":{"line":4,"column":4},"end":{"line":4,"column":null}},"2":{"start":{"line":5,"column":4},"end":{"line":5,"column":null}},"3":{"start":{"line":6,"column":4},"end":{"line":6,"column":null}},"4":{"start":{"line":7,"column":4},"end":{"line":7,"column":null}}},"fnMap":{"0":{"name":"(anonymous_0)","decl":{"start":{"line":3,"column":0},"end":{"line":3,"column":18}},"loc":{"start":{"line":3,"column":28},"end":{"line":8,"column":1}}}},"branchMap":{"0":{"loc":{"start":{"line":3,"column":18},"end":{"line":3,"column":null}},"type":"binary-expr","locations":[{"start":{"line":3,"column":18},"end":{"line":3,"column":28}},{"start":{"line":3,"column":28},"end":{"line":3,"column":null}}]}},"s":{"0":9,"1":9,"2":9,"3":9,"4":9},"f":{"0":9},"b":{"0":[9,9]}}
,"C:\\repositories\\programming\\projects-2024\\to-work\\ntt-data\\BOOTCAMP--FRONTEND-REACT-NTT\\src\\pages\\routes.ts": {"path":"C:\\repositories\\programming\\projects-2024\\to-work\\ntt-data\\BOOTCAMP--FRONTEND-REACT-NTT\\src\\pages\\routes.ts","statementMap":{"0":{"start":{"line":1,"column":0},"end":{"line":1,"column":null}},"1":{"start":{"line":2,"column":4},"end":{"line":2,"column":null}},"2":{"start":{"line":3,"column":4},"end":{"line":3,"column":null}},"3":{"start":{"line":4,"column":4},"end":{"line":4,"column":null}},"4":{"start":{"line":5,"column":4},"end":{"line":5,"column":null}},"5":{"start":{"line":6,"column":4},"end":{"line":6,"column":null}},"6":{"start":{"line":7,"column":4},"end":{"line":7,"column":null}},"7":{"start":{"line":8,"column":4},"end":{"line":8,"column":null}}},"fnMap":{"0":{"name":"(anonymous_0)","decl":{"start":{"line":1,"column":0},"end":{"line":1,"column":12}},"loc":{"start":{"line":1,"column":24},"end":{"line":9,"column":1}}}},"branchMap":{"0":{"loc":{"start":{"line":1,"column":12},"end":{"line":1,"column":null}},"type":"binary-expr","locations":[{"start":{"line":1,"column":12},"end":{"line":1,"column":24}},{"start":{"line":1,"column":24},"end":{"line":1,"column":null}}]}},"s":{"0":1,"1":1,"2":1,"3":1,"4":1,"5":1,"6":1,"7":1},"f":{"0":1},"b":{"0":[1,1]}}
,"C:\\repositories\\programming\\projects-2024\\to-work\\ntt-data\\BOOTCAMP--FRONTEND-REACT-NTT\\src\\pages\\Home\\components\\CategorySection\\CategorySection.tsx": {"path":"C:\\repositories\\programming\\projects-2024\\to-work\\ntt-data\\BOOTCAMP--FRONTEND-REACT-NTT\\src\\pages\\Home\\components\\CategorySection\\CategorySection.tsx","statementMap":{"0":{"start":{"line":15,"column":0},"end":{"line":15,"column":16}},"1":{"start":{"line":1,"column":0},"end":{"line":1,"column":41}},"2":{"start":{"line":2,"column":0},"end":{"line":2,"column":70}},"3":{"start":{"line":3,"column":0},"end":{"line":3,"column":86}},"4":{"start":{"line":4,"column":0},"end":{"line":4,"column":31}},"5":{"start":{"line":5,"column":0},"end":{"line":5,"column":109}},"6":{"start":{"line":6,"column":0},"end":{"line":6,"column":82}},"7":{"start":{"line":16,"column":44},"end":{"line":16,"column":78}},"8":{"start":{"line":18,"column":26},"end":{"line":18,"column":54}},"9":{"start":{"line":19,"column":29},"end":{"line":19,"column":57}},"10":{"start":{"line":21,"column":50},"end":{"line":23,"column":null}},"11":{"start":{"line":26,"column":4},"end":{"line":60,"column":6}},"12":{"start":{"line":31,"column":24},"end":{"line":44,"column":26}},"13":{"start":{"line":49,"column":24},"end":{"line":50,"column":null}}},"fnMap":{"0":{"name":"CategorySection","decl":{"start":{"line":15,"column":16},"end":{"line":15,"column":31}},"loc":{"start":{"line":15,"column":76},"end":{"line":61,"column":1}}},"1":{"name":"(anonymous_1)","decl":{"start":{"line":30,"column":39},"end":{"line":30,"column":40}},"loc":{"start":{"line":30,"column":67},"end":{"line":45,"column":21}}},"2":{"name":"(anonymous_2)","decl":{"start":{"line":48,"column":61},"end":{"line":48,"column":62}},"loc":{"start":{"line":49,"column":24},"end":{"line":50,"column":null}}}},"branchMap":{"0":{"loc":{"start":{"line":31,"column":31},"end":{"line":43,"column":null}},"type":"cond-expr","locations":[{"start":{"line":32,"column":28},"end":{"line":32,"column":68}},{"start":{"line":34,"column":28},"end":{"line":35,"column":null}}]},"1":{"loc":{"start":{"line":39,"column":36},"end":{"line":41,"column":51}},"type":"cond-expr","locations":[{"start":{"line":40,"column":42},"end":{"line":40,"column":58}},{"start":{"line":41,"column":42},"end":{"line":41,"column":51}}]}},"s":{"0":2,"1":2,"2":2,"3":2,"4":2,"5":2,"6":2,"7":4,"8":4,"9":4,"10":4,"11":4,"12":12,"13":12},"f":{"0":4,"1":12,"2":12},"b":{"0":[3,9],"1":[3,6]}}
,"C:\\repositories\\programming\\projects-2024\\to-work\\ntt-data\\BOOTCAMP--FRONTEND-REACT-NTT\\src\\pages\\Home\\components\\CategorySection\\components\\CategoryCard\\CategoryCard.tsx": {"path":"C:\\repositories\\programming\\projects-2024\\to-work\\ntt-data\\BOOTCAMP--FRONTEND-REACT-NTT\\src\\pages\\Home\\components\\CategorySection\\components\\CategoryCard\\CategoryCard.tsx","statementMap":{"0":{"start":{"line":1,"column":0},"end":{"line":1,"column":53}},"1":{"start":{"line":2,"column":0},"end":{"line":2,"column":61}},"2":{"start":{"line":3,"column":0},"end":{"line":3,"column":28}},"3":{"start":{"line":4,"column":0},"end":{"line":4,"column":76}},"4":{"start":{"line":5,"column":0},"end":{"line":5,"column":63}},"5":{"start":{"line":13,"column":28},"end":{"line":71,"column":1}},"6":{"start":{"line":18,"column":28},"end":{"line":18,"column":53}},"7":{"start":{"line":19,"column":28},"end":{"line":19,"column":53}},"8":{"start":{"line":21,"column":36},"end":{"line":21,"column":54}},"9":{"start":{"line":23,"column":4},"end":{"line":27,"column":27}},"10":{"start":{"line":24,"column":8},"end":{"line":26,"column":9}},"11":{"start":{"line":25,"column":12},"end":{"line":25,"column":54}},"12":{"start":{"line":30,"column":25},"end":{"line":30,"column":66}},"13":{"start":{"line":33,"column":12},"end":{"line":43,"column":13}},"14":{"start":{"line":34,"column":16},"end":{"line":42,"column":17}},"15":{"start":{"line":39,"column":20},"end":{"line":39,"column":69}},"16":{"start":{"line":41,"column":20},"end":{"line":41,"column":50}},"17":{"start":{"line":46,"column":8},"end":{"line":46,"column":35}},"18":{"start":{"line":47,"column":8},"end":{"line":47,"column":49}},"19":{"start":{"line":50,"column":4},"end":{"line":70,"column":6}},"20":{"start":{"line":13,"column":13},"end":{"line":13,"column":28}}},"fnMap":{"0":{"name":"(anonymous_0)","decl":{"start":{"line":13,"column":28},"end":{"line":13,"column":29}},"loc":{"start":{"line":17,"column":35},"end":{"line":71,"column":1}}},"1":{"name":"(anonymous_1)","decl":{"start":{"line":23,"column":14},"end":{"line":23,"column":17}},"loc":{"start":{"line":23,"column":19},"end":{"line":27,"column":5}}},"2":{"name":"handleClick","decl":{"start":{"line":29,"column":13},"end":{"line":29,"column":24}},"loc":{"start":{"line":29,"column":24},"end":{"line":48,"column":5}}},"3":{"name":"updateProductRequestType","decl":{"start":{"line":32,"column":17},"end":{"line":32,"column":41}},"loc":{"start":{"line":32,"column":41},"end":{"line":44,"column":9}}}},"branchMap":{"0":{"loc":{"start":{"line":24,"column":8},"end":{"line":26,"column":9}},"type":"if","locations":[{"start":{"line":24,"column":8},"end":{"line":26,"column":9}}]},"1":{"loc":{"start":{"line":33,"column":12},"end":{"line":43,"column":13}},"type":"if","locations":[{"start":{"line":33,"column":12},"end":{"line":43,"column":13}}]},"2":{"loc":{"start":{"line":34,"column":16},"end":{"line":42,"column":17}},"type":"if","locations":[{"start":{"line":34,"column":16},"end":{"line":42,"column":17}},{"start":{"line":40,"column":23},"end":{"line":42,"column":17}}]},"3":{"loc":{"start":{"line":53,"column":17},"end":{"line":53,"column":52}},"type":"binary-expr","locations":[{"start":{"line":53,"column":17},"end":{"line":53,"column":33}},{"start":{"line":53,"column":37},"end":{"line":53,"column":52}}]}},"s":{"0":1,"1":1,"2":1,"3":1,"4":1,"5":1,"6":6,"7":6,"8":6,"9":6,"10":6,"11":1,"12":6,"13":6,"14":6,"15":3,"16":3,"17":6,"18":6,"19":6,"20":1},"f":{"0":6,"1":6,"2":6,"3":6},"b":{"0":[1],"1":[6],"2":[3,3],"3":[6,5]}}
,"C:\\repositories\\programming\\projects-2024\\to-work\\ntt-data\\BOOTCAMP--FRONTEND-REACT-NTT\\src\\pages\\Home\\components\\CategorySection\\components\\CategorySkeleton\\CategorySkeleton.tsx": {"path":"C:\\repositories\\programming\\projects-2024\\to-work\\ntt-data\\BOOTCAMP--FRONTEND-REACT-NTT\\src\\pages\\Home\\components\\CategorySection\\components\\CategorySkeleton\\CategorySkeleton.tsx","statementMap":{"0":{"start":{"line":1,"column":32},"end":{"line":9,"column":1}},"1":{"start":{"line":2,"column":4},"end":{"line":8,"column":6}},"2":{"start":{"line":1,"column":13},"end":{"line":1,"column":32}}},"fnMap":{"0":{"name":"(anonymous_0)","decl":{"start":{"line":1,"column":32},"end":{"line":1,"column":35}},"loc":{"start":{"line":1,"column":37},"end":{"line":9,"column":1}}}},"branchMap":{},"s":{"0":1,"1":1,"2":1},"f":{"0":1},"b":{}}
,"C:\\repositories\\programming\\projects-2024\\to-work\\ntt-data\\BOOTCAMP--FRONTEND-REACT-NTT\\src\\pages\\Home\\components\\CategorySection\\components\\HorizontalCarouselControl\\HorizontalCarouselControl.tsx": {"path":"C:\\repositories\\programming\\projects-2024\\to-work\\ntt-data\\BOOTCAMP--FRONTEND-REACT-NTT\\src\\pages\\Home\\components\\CategorySection\\components\\HorizontalCarouselControl\\HorizontalCarouselControl.tsx","statementMap":{"0":{"start":{"line":1,"column":0},"end":{"line":1,"column":53}},"1":{"start":{"line":2,"column":0},"end":{"line":2,"column":69}},"2":{"start":{"line":3,"column":0},"end":{"line":3,"column":41}},"3":{"start":{"line":12,"column":41},"end":{"line":49,"column":1}},"4":{"start":{"line":18,"column":21},"end":{"line":18,"column":49}},"5":{"start":{"line":20,"column":4},"end":{"line":24,"column":19}},"6":{"start":{"line":21,"column":8},"end":{"line":23,"column":9}},"7":{"start":{"line":22,"column":12},"end":{"line":22,"column":60}},"8":{"start":{"line":26,"column":24},"end":{"line":38,"column":5}},"9":{"start":{"line":27,"column":8},"end":{"line":37,"column":9}},"10":{"start":{"line":28,"column":29},"end":{"line":28,"column":72}},"11":{"start":{"line":29,"column":12},"end":{"line":29,"column":75}},"12":{"start":{"line":31,"column":12},"end":{"line":36,"column":14}},"13":{"start":{"line":40,"column":4},"end":{"line":48,"column":6}},"14":{"start":{"line":12,"column":13},"end":{"line":12,"column":41}}},"fnMap":{"0":{"name":"(anonymous_0)","decl":{"start":{"line":12,"column":41},"end":{"line":12,"column":42}},"loc":{"start":{"line":17,"column":23},"end":{"line":49,"column":1}}},"1":{"name":"(anonymous_1)","decl":{"start":{"line":20,"column":14},"end":{"line":20,"column":17}},"loc":{"start":{"line":20,"column":19},"end":{"line":24,"column":5}}},"2":{"name":"(anonymous_2)","decl":{"start":{"line":26,"column":24},"end":{"line":26,"column":27}},"loc":{"start":{"line":26,"column":29},"end":{"line":38,"column":5}}}},"branchMap":{"0":{"loc":{"start":{"line":21,"column":8},"end":{"line":23,"column":9}},"type":"if","locations":[{"start":{"line":21,"column":8},"end":{"line":23,"column":9}}]},"1":{"loc":{"start":{"line":21,"column":12},"end":{"line":21,"column":46}},"type":"binary-expr","locations":[{"start":{"line":21,"column":12},"end":{"line":21,"column":28}},{"start":{"line":21,"column":32},"end":{"line":21,"column":46}}]},"2":{"loc":{"start":{"line":27,"column":8},"end":{"line":37,"column":9}},"type":"if","locations":[{"start":{"line":27,"column":8},"end":{"line":37,"column":9}}]},"3":{"loc":{"start":{"line":27,"column":12},"end":{"line":27,"column":53}},"type":"binary-expr","locations":[{"start":{"line":27,"column":12},"end":{"line":27,"column":28}},{"start":{"line":27,"column":32},"end":{"line":27,"column":53}}]}},"s":{"0":3,"1":3,"2":3,"3":3,"4":13,"5":13,"6":13,"7":4,"8":13,"9":1,"10":1,"11":1,"12":1,"13":13,"14":3},"f":{"0":13,"1":13,"2":1},"b":{"0":[4],"1":[13,13],"2":[1],"3":[1,1]}}
,"C:\\repositories\\programming\\projects-2024\\to-work\\ntt-data\\BOOTCAMP--FRONTEND-REACT-NTT\\src\\pages\\Home\\components\\CategorySection\\components\\HorizontalCarouselControl\\modules\\carousel.ts": {"path":"C:\\repositories\\programming\\projects-2024\\to-work\\ntt-data\\BOOTCAMP--FRONTEND-REACT-NTT\\src\\pages\\Home\\components\\CategorySection\\components\\HorizontalCarouselControl\\modules\\carousel.ts","statementMap":{"0":{"start":{"line":101,"column":4},"end":{"line":101,"column":21}},"1":{"start":{"line":102,"column":4},"end":{"line":102,"column":16}},"2":{"start":{"line":103,"column":4},"end":{"line":103,"column":33}},"3":{"start":{"line":104,"column":4},"end":{"line":104,"column":35}},"4":{"start":{"line":1,"column":24},"end":{"line":1,"column":26}},"5":{"start":{"line":2,"column":21},"end":{"line":2,"column":22}},"6":{"start":{"line":3,"column":37},"end":{"line":3,"column":38}},"7":{"start":{"line":16,"column":8},"end":{"line":16,"column":14}},"8":{"start":{"line":18,"column":4},"end":{"line":28,"column":5}},"9":{"start":{"line":19,"column":38},"end":{"line":19,"column":79}},"10":{"start":{"line":20,"column":39},"end":{"line":21,"column":null}},"11":{"start":{"line":23,"column":8},"end":{"line":23,"column":38}},"12":{"start":{"line":25,"column":8},"end":{"line":27,"column":10}},"13":{"start":{"line":36,"column":8},"end":{"line":36,"column":14}},"14":{"start":{"line":38,"column":4},"end":{"line":58,"column":5}},"15":{"start":{"line":40,"column":12},"end":{"line":43,"column":31}},"16":{"start":{"line":44,"column":26},"end":{"line":44,"column":71}},"17":{"start":{"line":46,"column":12},"end":{"line":47,"column":31}},"18":{"start":{"line":48,"column":38},"end":{"line":48,"column":59}},"19":{"start":{"line":49,"column":8},"end":{"line":53,"column":10}},"20":{"start":{"line":55,"column":8},"end":{"line":57,"column":10}},"21":{"start":{"line":66,"column":4},"end":{"line":66,"column":29}},"22":{"start":{"line":66,"column":22},"end":{"line":66,"column":29}},"23":{"start":{"line":68,"column":24},"end":{"line":69,"column":null}},"24":{"start":{"line":69,"column":18},"end":{"line":69,"column":48}},"25":{"start":{"line":72,"column":26},"end":{"line":73,"column":null}},"26":{"start":{"line":73,"column":8},"end":{"line":73,"column":37}},"27":{"start":{"line":76,"column":4},"end":{"line":79,"column":5}},"28":{"start":{"line":77,"column":8},"end":{"line":77,"column":40}},"29":{"start":{"line":78,"column":8},"end":{"line":78,"column":47}},"30":{"start":{"line":88,"column":4},"end":{"line":88,"column":23}},"31":{"start":{"line":88,"column":16},"end":{"line":88,"column":23}},"32":{"start":{"line":89,"column":30},"end":{"line":89,"column":45}},"33":{"start":{"line":91,"column":4},"end":{"line":97,"column":5}},"34":{"start":{"line":92,"column":8},"end":{"line":92,"column":73}},"35":{"start":{"line":94,"column":8},"end":{"line":96,"column":14}}},"fnMap":{"0":{"name":"calculateNumberOfCarouselPoints","decl":{"start":{"line":11,"column":9},"end":{"line":11,"column":40}},"loc":{"start":{"line":11,"column":63},"end":{"line":29,"column":1}}},"1":{"name":"calculateLastSectionShiftSize","decl":{"start":{"line":31,"column":9},"end":{"line":31,"column":38}},"loc":{"start":{"line":31,"column":61},"end":{"line":59,"column":1}}},"2":{"name":"updateSelectedDot","decl":{"start":{"line":61,"column":9},"end":{"line":61,"column":26}},"loc":{"start":{"line":64,"column":17},"end":{"line":80,"column":1}}},"3":{"name":"(anonymous_3)","decl":{"start":{"line":69,"column":8},"end":{"line":69,"column":9}},"loc":{"start":{"line":69,"column":18},"end":{"line":69,"column":48}}},"4":{"name":"(anonymous_4)","decl":{"start":{"line":72,"column":43},"end":{"line":72,"column":44}},"loc":{"start":{"line":73,"column":8},"end":{"line":73,"column":37}}},"5":{"name":"moveCarousel","decl":{"start":{"line":82,"column":9},"end":{"line":82,"column":21}},"loc":{"start":{"line":86,"column":23},"end":{"line":98,"column":1}}}},"branchMap":{"0":{"loc":{"start":{"line":18,"column":4},"end":{"line":28,"column":5}},"type":"if","locations":[{"start":{"line":18,"column":4},"end":{"line":28,"column":5}},{"start":{"line":24,"column":11},"end":{"line":28,"column":5}}]},"1":{"loc":{"start":{"line":38,"column":4},"end":{"line":58,"column":5}},"type":"if","locations":[{"start":{"line":38,"column":4},"end":{"line":58,"column":5}},{"start":{"line":54,"column":11},"end":{"line":58,"column":5}}]},"2":{"loc":{"start":{"line":66,"column":4},"end":{"line":66,"column":29}},"type":"if","locations":[{"start":{"line":66,"column":4},"end":{"line":66,"column":29}}]},"3":{"loc":{"start":{"line":76,"column":4},"end":{"line":79,"column":5}},"type":"if","locations":[{"start":{"line":76,"column":4},"end":{"line":79,"column":5}}]},"4":{"loc":{"start":{"line":88,"column":4},"end":{"line":88,"column":23}},"type":"if","locations":[{"start":{"line":88,"column":4},"end":{"line":88,"column":23}}]},"5":{"loc":{"start":{"line":91,"column":4},"end":{"line":97,"column":5}},"type":"if","locations":[{"start":{"line":91,"column":4},"end":{"line":97,"column":5}},{"start":{"line":93,"column":11},"end":{"line":97,"column":5}}]}},"s":{"0":6,"1":6,"2":6,"3":6,"4":6,"5":6,"6":6,"7":7,"8":7,"9":6,"10":6,"11":6,"12":1,"13":3,"14":3,"15":2,"16":2,"17":2,"18":2,"19":2,"20":1,"21":2,"22":1,"23":1,"24":2,"25":1,"26":1,"27":1,"28":1,"29":1,"30":3,"31":1,"32":2,"33":2,"34":1,"35":1},"f":{"0":7,"1":3,"2":2,"3":2,"4":1,"5":3},"b":{"0":[6,1],"1":[2,1],"2":[1],"3":[1],"4":[1],"5":[1,1]}}
,"C:\\repositories\\programming\\projects-2024\\to-work\\ntt-data\\BOOTCAMP--FRONTEND-REACT-NTT\\src\\pages\\Home\\components\\ProductSection\\ProductSection.tsx": {"path":"C:\\repositories\\programming\\projects-2024\\to-work\\ntt-data\\BOOTCAMP--FRONTEND-REACT-NTT\\src\\pages\\Home\\components\\ProductSection\\ProductSection.tsx","statementMap":{"0":{"start":{"line":14,"column":0},"end":{"line":14,"column":16}},"1":{"start":{"line":1,"column":0},"end":{"line":1,"column":44}},"2":{"start":{"line":3,"column":0},"end":{"line":3,"column":45}},"3":{"start":{"line":4,"column":0},"end":{"line":4,"column":66}},"4":{"start":{"line":5,"column":0},"end":{"line":5,"column":79}},"5":{"start":{"line":6,"column":0},"end":{"line":6,"column":54}},"6":{"start":{"line":7,"column":0},"end":{"line":7,"column":30}},"7":{"start":{"line":15,"column":48},"end":{"line":15,"column":66}},"8":{"start":{"line":16,"column":46},"end":{"line":16,"column":75}},"9":{"start":{"line":18,"column":4},"end":{"line":21,"column":56}},"10":{"start":{"line":19,"column":27},"end":{"line":19,"column":74}},"11":{"start":{"line":20,"column":8},"end":{"line":20,"column":39}},"12":{"start":{"line":23,"column":4},"end":{"line":31,"column":5}},"13":{"start":{"line":24,"column":8},"end":{"line":30,"column":10}},"14":{"start":{"line":27,"column":20},"end":{"line":27,"column":51}},"15":{"start":{"line":33,"column":4},"end":{"line":43,"column":6}}},"fnMap":{"0":{"name":"ProductSection","decl":{"start":{"line":14,"column":16},"end":{"line":14,"column":30}},"loc":{"start":{"line":14,"column":75},"end":{"line":44,"column":1}}},"1":{"name":"(anonymous_1)","decl":{"start":{"line":18,"column":14},"end":{"line":18,"column":17}},"loc":{"start":{"line":18,"column":19},"end":{"line":21,"column":5}}},"2":{"name":"(anonymous_2)","decl":{"start":{"line":26,"column":47},"end":{"line":26,"column":48}},"loc":{"start":{"line":27,"column":20},"end":{"line":27,"column":51}}}},"branchMap":{"0":{"loc":{"start":{"line":23,"column":4},"end":{"line":31,"column":5}},"type":"if","locations":[{"start":{"line":23,"column":4},"end":{"line":31,"column":5}}]},"1":{"loc":{"start":{"line":36,"column":16},"end":{"line":38,"column":38}},"type":"cond-expr","locations":[{"start":{"line":37,"column":22},"end":{"line":37,"column":45}},{"start":{"line":38,"column":22},"end":{"line":38,"column":38}}]}},"s":{"0":1,"1":1,"2":1,"3":1,"4":1,"5":1,"6":1,"7":4,"8":4,"9":4,"10":2,"11":2,"12":4,"13":2,"14":16,"15":2},"f":{"0":4,"1":2,"2":16},"b":{"0":[2],"1":[1,1]}}
,"C:\\repositories\\programming\\projects-2024\\to-work\\ntt-data\\BOOTCAMP--FRONTEND-REACT-NTT\\src\\pages\\Home\\components\\ProductSection\\components\\FilterError\\FilterError.tsx": {"path":"C:\\repositories\\programming\\projects-2024\\to-work\\ntt-data\\BOOTCAMP--FRONTEND-REACT-NTT\\src\\pages\\Home\\components\\ProductSection\\components\\FilterError\\FilterError.tsx","statementMap":{"0":{"start":{"line":3,"column":27},"end":{"line":27,"column":1}},"1":{"start":{"line":4,"column":4},"end":{"line":26,"column":6}},"2":{"start":{"line":3,"column":13},"end":{"line":3,"column":27}}},"fnMap":{"0":{"name":"(anonymous_0)","decl":{"start":{"line":3,"column":27},"end":{"line":3,"column":41}},"loc":{"start":{"line":3,"column":43},"end":{"line":27,"column":1}}}},"branchMap":{},"s":{"0":2,"1":4,"2":2},"f":{"0":4},"b":{}}
,"C:\\repositories\\programming\\projects-2024\\to-work\\ntt-data\\BOOTCAMP--FRONTEND-REACT-NTT\\src\\pages\\Home\\components\\ProductSection\\components\\ProductCard\\ProductCard.tsx": {"path":"C:\\repositories\\programming\\projects-2024\\to-work\\ntt-data\\BOOTCAMP--FRONTEND-REACT-NTT\\src\\pages\\Home\\components\\ProductSection\\components\\ProductCard\\ProductCard.tsx","statementMap":{"0":{"start":{"line":1,"column":0},"end":{"line":1,"column":51}},"1":{"start":{"line":2,"column":0},"end":{"line":2,"column":54}},"2":{"start":{"line":10,"column":27},"end":{"line":42,"column":1}},"3":{"start":{"line":11,"column":34},"end":{"line":11,"column":58}},"4":{"start":{"line":13,"column":23},"end":{"line":18,"column":5}},"5":{"start":{"line":14,"column":8},"end":{"line":17,"column":11}},"6":{"start":{"line":20,"column":4},"end":{"line":41,"column":6}},"7":{"start":{"line":10,"column":13},"end":{"line":10,"column":27}}},"fnMap":{"0":{"name":"(anonymous_0)","decl":{"start":{"line":10,"column":27},"end":{"line":10,"column":28}},"loc":{"start":{"line":10,"column":72},"end":{"line":42,"column":1}}},"1":{"name":"(anonymous_1)","decl":{"start":{"line":13,"column":23},"end":{"line":13,"column":26}},"loc":{"start":{"line":13,"column":28},"end":{"line":18,"column":5}}}},"branchMap":{},"s":{"0":2,"1":2,"2":2,"3":3,"4":3,"5":1,"6":3,"7":2},"f":{"0":3,"1":1},"b":{}}
,"C:\\repositories\\programming\\projects-2024\\to-work\\ntt-data\\BOOTCAMP--FRONTEND-REACT-NTT\\src\\pages\\Home\\components\\ProductSection\\components\\ProductSkeleton\\ProductSkeleton.tsx": {"path":"C:\\repositories\\programming\\projects-2024\\to-work\\ntt-data\\BOOTCAMP--FRONTEND-REACT-NTT\\src\\pages\\Home\\components\\ProductSection\\components\\ProductSkeleton\\ProductSkeleton.tsx","statementMap":{"0":{"start":{"line":1,"column":31},"end":{"line":8,"column":1}},"1":{"start":{"line":2,"column":4},"end":{"line":7,"column":6}},"2":{"start":{"line":1,"column":13},"end":{"line":1,"column":31}}},"fnMap":{"0":{"name":"(anonymous_0)","decl":{"start":{"line":1,"column":31},"end":{"line":1,"column":34}},"loc":{"start":{"line":1,"column":36},"end":{"line":8,"column":1}}}},"branchMap":{},"s":{"0":2,"1":17,"2":2},"f":{"0":17},"b":{}}
,"C:\\repositories\\programming\\projects-2024\\to-work\\ntt-data\\BOOTCAMP--FRONTEND-REACT-NTT\\src\\pages\\Home\\components\\ProductSection\\modules\\filterProductNames.ts": {"path":"C:\\repositories\\programming\\projects-2024\\to-work\\ntt-data\\BOOTCAMP--FRONTEND-REACT-NTT\\src\\pages\\Home\\components\\ProductSection\\modules\\filterProductNames.ts","statementMap":{"0":{"start":{"line":3,"column":0},"end":{"line":3,"column":16}},"1":{"start":{"line":7,"column":4},"end":{"line":9,"column":5}},"2":{"start":{"line":8,"column":8},"end":{"line":8,"column":18}},"3":{"start":{"line":11,"column":4},"end":{"line":13,"column":5}},"4":{"start":{"line":12,"column":8},"end":{"line":12,"column":28}},"5":{"start":{"line":15,"column":27},"end":{"line":15,"column":54}},"6":{"start":{"line":17,"column":4},"end":{"line":20,"column":7}},"7":{"start":{"line":18,"column":31},"end":{"line":18,"column":69}},"8":{"start":{"line":19,"column":8},"end":{"line":19,"column":78}},"9":{"start":{"line":19,"column":45},"end":{"line":19,"column":76}}},"fnMap":{"0":{"name":"filterProductNames","decl":{"start":{"line":3,"column":16},"end":{"line":3,"column":34}},"loc":{"start":{"line":5,"column":25},"end":{"line":21,"column":1}}},"1":{"name":"(anonymous_1)","decl":{"start":{"line":17,"column":31},"end":{"line":17,"column":32}},"loc":{"start":{"line":17,"column":43},"end":{"line":20,"column":5}}},"2":{"name":"(anonymous_2)","decl":{"start":{"line":19,"column":35},"end":{"line":19,"column":36}},"loc":{"start":{"line":19,"column":45},"end":{"line":19,"column":76}}}},"branchMap":{"0":{"loc":{"start":{"line":7,"column":4},"end":{"line":9,"column":5}},"type":"if","locations":[{"start":{"line":7,"column":4},"end":{"line":9,"column":5}}]},"1":{"loc":{"start":{"line":11,"column":4},"end":{"line":13,"column":5}},"type":"if","locations":[{"start":{"line":11,"column":4},"end":{"line":13,"column":5}}]}},"s":{"0":2,"1":9,"2":1,"3":8,"4":3,"5":5,"6":5,"7":4,"8":4,"9":8},"f":{"0":9,"1":4,"2":8},"b":{"0":[1],"1":[3]}}
,"C:\\repositories\\programming\\projects-2024\\to-work\\ntt-data\\BOOTCAMP--FRONTEND-REACT-NTT\\src\\pages\\Home\\components\\ProductSection\\modules\\showProducts.tsx": {"path":"C:\\repositories\\programming\\projects-2024\\to-work\\ntt-data\\BOOTCAMP--FRONTEND-REACT-NTT\\src\\pages\\Home\\components\\ProductSection\\modules\\showProducts.tsx","statementMap":{"0":{"start":{"line":5,"column":0},"end":{"line":5,"column":16}},"1":{"start":{"line":2,"column":0},"end":{"line":2,"column":68}},"2":{"start":{"line":3,"column":0},"end":{"line":3,"column":68}},"3":{"start":{"line":6,"column":4},"end":{"line":8,"column":5}},"4":{"start":{"line":7,"column":8},"end":{"line":7,"column":31}},"5":{"start":{"line":9,"column":4},"end":{"line":11,"column":7}},"6":{"start":{"line":10,"column":8},"end":{"line":10,"column":38}}},"fnMap":{"0":{"name":"showProducts","decl":{"start":{"line":5,"column":16},"end":{"line":5,"column":28}},"loc":{"start":{"line":5,"column":58},"end":{"line":12,"column":1}}},"1":{"name":"(anonymous_1)","decl":{"start":{"line":9,"column":28},"end":{"line":9,"column":29}},"loc":{"start":{"line":10,"column":8},"end":{"line":10,"column":38}}}},"branchMap":{"0":{"loc":{"start":{"line":6,"column":4},"end":{"line":8,"column":5}},"type":"if","locations":[{"start":{"line":6,"column":4},"end":{"line":8,"column":5}}]},"1":{"loc":{"start":{"line":6,"column":8},"end":{"line":6,"column":50}},"type":"binary-expr","locations":[{"start":{"line":6,"column":8},"end":{"line":6,"column":21}},{"start":{"line":6,"column":25},"end":{"line":6,"column":50}}]}},"s":{"0":1,"1":1,"2":1,"3":2,"4":1,"5":1,"6":1},"f":{"0":2,"1":1},"b":{"0":[1],"1":[2,2]}}
,"C:\\repositories\\programming\\projects-2024\\to-work\\ntt-data\\BOOTCAMP--FRONTEND-REACT-NTT\\src\\pages\\Home\\components\\types\\typeOfResponse.ts": {"path":"C:\\repositories\\programming\\projects-2024\\to-work\\ntt-data\\BOOTCAMP--FRONTEND-REACT-NTT\\src\\pages\\Home\\components\\types\\typeOfResponse.ts","statementMap":{"0":{"start":{"line":1,"column":0},"end":{"line":1,"column":null}},"1":{"start":{"line":2,"column":4},"end":{"line":2,"column":null}}},"fnMap":{"0":{"name":"(anonymous_0)","decl":{"start":{"line":1,"column":0},"end":{"line":1,"column":18}},"loc":{"start":{"line":1,"column":32},"end":{"line":3,"column":1}}}},"branchMap":{"0":{"loc":{"start":{"line":1,"column":18},"end":{"line":1,"column":null}},"type":"binary-expr","locations":[{"start":{"line":1,"column":18},"end":{"line":1,"column":32}},{"start":{"line":1,"column":32},"end":{"line":1,"column":null}}]}},"s":{"0":1,"1":1},"f":{"0":1},"b":{"0":[1,1]}}
,"C:\\repositories\\programming\\projects-2024\\to-work\\ntt-data\\BOOTCAMP--FRONTEND-REACT-NTT\\src\\pages\\Summary\\Summary.tsx": {"path":"C:\\repositories\\programming\\projects-2024\\to-work\\ntt-data\\BOOTCAMP--FRONTEND-REACT-NTT\\src\\pages\\Summary\\Summary.tsx","statementMap":{"0":{"start":{"line":7,"column":0},"end":{"line":7,"column":16}},"1":{"start":{"line":1,"column":0},"end":{"line":1,"column":55}},"2":{"start":{"line":2,"column":0},"end":{"line":2,"column":23}},"3":{"start":{"line":3,"column":0},"end":{"line":3,"column":46}},"4":{"start":{"line":4,"column":0},"end":{"line":4,"column":76}},"5":{"start":{"line":5,"column":0},"end":{"line":5,"column":61}},"6":{"start":{"line":8,"column":26},"end":{"line":8,"column":50}},"7":{"start":{"line":10,"column":4},"end":{"line":21,"column":6}}},"fnMap":{"0":{"name":"Summary","decl":{"start":{"line":7,"column":16},"end":{"line":7,"column":23}},"loc":{"start":{"line":7,"column":23},"end":{"line":22,"column":1}}}},"branchMap":{"0":{"loc":{"start":{"line":12,"column":13},"end":{"line":18,"column":null}},"type":"cond-expr","locations":[{"start":{"line":13,"column":16},"end":{"line":13,"column":29}},{"start":{"line":15,"column":16},"end":{"line":17,"column":null}}]}},"s":{"0":1,"1":1,"2":1,"3":1,"4":1,"5":1,"6":3,"7":3},"f":{"0":3},"b":{"0":[1,2]}}
,"C:\\repositories\\programming\\projects-2024\\to-work\\ntt-data\\BOOTCAMP--FRONTEND-REACT-NTT\\src\\pages\\Summary\\components\\Cart\\Cart.tsx": {"path":"C:\\repositories\\programming\\projects-2024\\to-work\\ntt-data\\BOOTCAMP--FRONTEND-REACT-NTT\\src\\pages\\Summary\\components\\Cart\\Cart.tsx","statementMap":{"0":{"start":{"line":1,"column":0},"end":{"line":1,"column":44}},"1":{"start":{"line":2,"column":0},"end":{"line":2,"column":61}},"2":{"start":{"line":3,"column":0},"end":{"line":3,"column":69}},"3":{"start":{"line":5,"column":20},"end":{"line":46,"column":1}},"4":{"start":{"line":6,"column":26},"end":{"line":6,"column":50}},"5":{"start":{"line":7,"column":44},"end":{"line":7,"column":55}},"6":{"start":{"line":9,"column":4},"end":{"line":14,"column":20}},"7":{"start":{"line":10,"column":22},"end":{"line":12,"column":13}},"8":{"start":{"line":11,"column":12},"end":{"line":11,"column":80}},"9":{"start":{"line":13,"column":8},"end":{"line":13,"column":31}},"10":{"start":{"line":16,"column":4},"end":{"line":45,"column":6}},"11":{"start":{"line":29,"column":20},"end":{"line":34,"column":22}},"12":{"start":{"line":5,"column":13},"end":{"line":5,"column":20}}},"fnMap":{"0":{"name":"(anonymous_0)","decl":{"start":{"line":5,"column":20},"end":{"line":5,"column":23}},"loc":{"start":{"line":5,"column":25},"end":{"line":46,"column":1}}},"1":{"name":"(anonymous_1)","decl":{"start":{"line":9,"column":14},"end":{"line":9,"column":17}},"loc":{"start":{"line":9,"column":19},"end":{"line":14,"column":5}}},"2":{"name":"(anonymous_2)","decl":{"start":{"line":10,"column":39},"end":{"line":10,"column":40}},"loc":{"start":{"line":10,"column":63},"end":{"line":12,"column":9}}},"3":{"name":"(anonymous_3)","decl":{"start":{"line":28,"column":31},"end":{"line":28,"column":32}},"loc":{"start":{"line":28,"column":47},"end":{"line":35,"column":17}}}},"branchMap":{},"s":{"0":3,"1":3,"2":3,"3":3,"4":17,"5":17,"6":17,"7":9,"8":8,"9":9,"10":17,"11":16,"12":3},"f":{"0":17,"1":9,"2":8,"3":16},"b":{}}
,"C:\\repositories\\programming\\projects-2024\\to-work\\ntt-data\\BOOTCAMP--FRONTEND-REACT-NTT\\src\\pages\\Summary\\components\\Cart\\componets\\CartProducts\\CartProducts.tsx": {"path":"C:\\repositories\\programming\\projects-2024\\to-work\\ntt-data\\BOOTCAMP--FRONTEND-REACT-NTT\\src\\pages\\Summary\\components\\Cart\\componets\\CartProducts\\CartProducts.tsx","statementMap":{"0":{"start":{"line":2,"column":0},"end":{"line":2,"column":67}},"1":{"start":{"line":3,"column":0},"end":{"line":3,"column":70}},"2":{"start":{"line":10,"column":28},"end":{"line":67,"column":1}},"3":{"start":{"line":11,"column":34},"end":{"line":11,"column":45}},"4":{"start":{"line":12,"column":43},"end":{"line":12,"column":50}},"5":{"start":{"line":14,"column":34},"end":{"line":14,"column":58}},"6":{"start":{"line":17,"column":8},"end":{"line":20,"column":11}},"7":{"start":{"line":24,"column":8},"end":{"line":24,"column":78}},"8":{"start":{"line":28,"column":8},"end":{"line":28,"column":76}},"9":{"start":{"line":31,"column":4},"end":{"line":66,"column":6}},"10":{"start":{"line":10,"column":13},"end":{"line":10,"column":28}}},"fnMap":{"0":{"name":"(anonymous_0)","decl":{"start":{"line":10,"column":28},"end":{"line":10,"column":29}},"loc":{"start":{"line":10,"column":66},"end":{"line":67,"column":1}}},"1":{"name":"incremetProduct","decl":{"start":{"line":16,"column":13},"end":{"line":16,"column":28}},"loc":{"start":{"line":16,"column":28},"end":{"line":21,"column":5}}},"2":{"name":"decrementProduct","decl":{"start":{"line":23,"column":13},"end":{"line":23,"column":29}},"loc":{"start":{"line":23,"column":29},"end":{"line":25,"column":5}}},"3":{"name":"DeleteProduct","decl":{"start":{"line":27,"column":13},"end":{"line":27,"column":26}},"loc":{"start":{"line":27,"column":26},"end":{"line":29,"column":5}}}},"branchMap":{},"s":{"0":4,"1":4,"2":4,"3":20,"4":20,"5":20,"6":1,"7":1,"8":1,"9":20,"10":4},"f":{"0":20,"1":1,"2":1,"3":1},"b":{}}
,"C:\\repositories\\programming\\projects-2024\\to-work\\ntt-data\\BOOTCAMP--FRONTEND-REACT-NTT\\src\\pages\\Summary\\components\\Cart\\componets\\EmptyCart\\emptyCart.tsx": {"path":"C:\\repositories\\programming\\projects-2024\\to-work\\ntt-data\\BOOTCAMP--FRONTEND-REACT-NTT\\src\\pages\\Summary\\components\\Cart\\componets\\EmptyCart\\emptyCart.tsx","statementMap":{"0":{"start":{"line":1,"column":25},"end":{"line":9,"column":1}},"1":{"start":{"line":2,"column":4},"end":{"line":8,"column":6}},"2":{"start":{"line":1,"column":13},"end":{"line":1,"column":25}}},"fnMap":{"0":{"name":"(anonymous_0)","decl":{"start":{"line":1,"column":25},"end":{"line":1,"column":28}},"loc":{"start":{"line":1,"column":30},"end":{"line":9,"column":1}}}},"branchMap":{},"s":{"0":2,"1":2,"2":2},"f":{"0":2},"b":{}}
,"C:\\repositories\\programming\\projects-2024\\to-work\\ntt-data\\BOOTCAMP--FRONTEND-REACT-NTT\\src\\pages\\Summary\\components\\OrderForm\\OrderForm.tsx": {"path":"C:\\repositories\\programming\\projects-2024\\to-work\\ntt-data\\BOOTCAMP--FRONTEND-REACT-NTT\\src\\pages\\Summary\\components\\OrderForm\\OrderForm.tsx","statementMap":{"0":{"start":{"line":1,"column":0},"end":{"line":1,"column":33}},"1":{"start":{"line":2,"column":0},"end":{"line":2,"column":43}},"2":{"start":{"line":3,"column":0},"end":{"line":3,"column":47}},"3":{"start":{"line":4,"column":0},"end":{"line":4,"column":52}},"4":{"start":{"line":5,"column":0},"end":{"line":5,"column":54}},"5":{"start":{"line":16,"column":13},"end":{"line":23,"column":2}},"6":{"start":{"line":25,"column":25},"end":{"line":122,"column":1}},"7":{"start":{"line":26,"column":36},"end":{"line":26,"column":69}},"8":{"start":{"line":27,"column":32},"end":{"line":27,"column":65}},"9":{"start":{"line":29,"column":25},"end":{"line":32,"column":5}},"10":{"start":{"line":30,"column":32},"end":{"line":30,"column":40}},"11":{"start":{"line":31,"column":8},"end":{"line":31,"column":60}},"12":{"start":{"line":31,"column":31},"end":{"line":31,"column":57}},"13":{"start":{"line":34,"column":21},"end":{"line":34,"column":34}},"14":{"start":{"line":36,"column":25},"end":{"line":43,"column":5}},"15":{"start":{"line":37,"column":8},"end":{"line":37,"column":27}},"16":{"start":{"line":38,"column":8},"end":{"line":42,"column":9}},"17":{"start":{"line":39,"column":12},"end":{"line":39,"column":56}},"18":{"start":{"line":40,"column":12},"end":{"line":40,"column":35}},"19":{"start":{"line":41,"column":12},"end":{"line":41,"column":40}},"20":{"start":{"line":45,"column":4},"end":{"line":121,"column":6}},"21":{"start":{"line":25,"column":13},"end":{"line":25,"column":25}}},"fnMap":{"0":{"name":"(anonymous_0)","decl":{"start":{"line":25,"column":25},"end":{"line":25,"column":28}},"loc":{"start":{"line":25,"column":30},"end":{"line":122,"column":1}}},"1":{"name":"(anonymous_1)","decl":{"start":{"line":29,"column":25},"end":{"line":29,"column":26}},"loc":{"start":{"line":29,"column":68},"end":{"line":32,"column":5}}},"2":{"name":"(anonymous_2)","decl":{"start":{"line":31,"column":20},"end":{"line":31,"column":21}},"loc":{"start":{"line":31,"column":31},"end":{"line":31,"column":57}}},"3":{"name":"(anonymous_3)","decl":{"start":{"line":36,"column":25},"end":{"line":36,"column":26}},"loc":{"start":{"line":36,"column":48},"end":{"line":43,"column":5}}}},"branchMap":{"0":{"loc":{"start":{"line":38,"column":8},"end":{"line":42,"column":9}},"type":"if","locations":[{"start":{"line":38,"column":8},"end":{"line":42,"column":9}}]},"1":{"loc":{"start":{"line":59,"column":21},"end":{"line":59,"column":62}},"type":"binary-expr","locations":[{"start":{"line":59,"column":21},"end":{"line":59,"column":32}},{"start":{"line":59,"column":36},"end":{"line":59,"column":62}}]},"2":{"loc":{"start":{"line":71,"column":21},"end":{"line":71,"column":70}},"type":"binary-expr","locations":[{"start":{"line":71,"column":21},"end":{"line":71,"column":36}},{"start":{"line":71,"column":40},"end":{"line":71,"column":70}}]},"3":{"loc":{"start":{"line":75,"column":21},"end":{"line":75,"column":70}},"type":"binary-expr","locations":[{"start":{"line":75,"column":21},"end":{"line":75,"column":36}},{"start":{"line":75,"column":40},"end":{"line":75,"column":70}}]},"4":{"loc":{"start":{"line":87,"column":21},"end":{"line":87,"column":68}},"type":"binary-expr","locations":[{"start":{"line":87,"column":21},"end":{"line":87,"column":35}},{"start":{"line":87,"column":39},"end":{"line":87,"column":68}}]},"5":{"loc":{"start":{"line":99,"column":21},"end":{"line":99,"column":72}},"type":"binary-expr","locations":[{"start":{"line":99,"column":21},"end":{"line":99,"column":37}},{"start":{"line":99,"column":41},"end":{"line":99,"column":72}}]},"6":{"loc":{"start":{"line":111,"column":21},"end":{"line":111,"column":64}},"type":"binary-expr","locations":[{"start":{"line":111,"column":21},"end":{"line":111,"column":33}},{"start":{"line":111,"column":37},"end":{"line":111,"column":64}}]}},"s":{"0":1,"1":1,"2":1,"3":1,"4":1,"5":1,"6":1,"7":2,"8":1,"9":1,"10":0,"11":0,"12":0,"13":1,"14":1,"15":0,"16":0,"17":0,"18":0,"19":0,"20":1,"21":1},"f":{"0":2,"1":0,"2":0,"3":0},"b":{"0":[0],"1":[1,0],"2":[1,0],"3":[1,0],"4":[1,0],"5":[1,0],"6":[1,0]}}
,"C:\\repositories\\programming\\projects-2024\\to-work\\ntt-data\\BOOTCAMP--FRONTEND-REACT-NTT\\src\\pages\\Summary\\components\\OrderForm\\components\\Select\\Select.tsx": {"path":"C:\\repositories\\programming\\projects-2024\\to-work\\ntt-data\\BOOTCAMP--FRONTEND-REACT-NTT\\src\\pages\\Summary\\components\\OrderForm\\components\\Select\\Select.tsx","statementMap":{"0":{"start":{"line":1,"column":0},"end":{"line":1,"column":44}},"1":{"start":{"line":2,"column":0},"end":{"line":2,"column":56}},"2":{"start":{"line":3,"column":0},"end":{"line":3,"column":41}},"3":{"start":{"line":5,"column":0},"end":{"line":5,"column":47}},"4":{"start":{"line":11,"column":22},"end":{"line":51,"column":1}},"5":{"start":{"line":12,"column":21},"end":{"line":12,"column":53}},"6":{"start":{"line":12,"column":36},"end":{"line":12,"column":52}},"7":{"start":{"line":14,"column":24},"end":{"line":14,"column":54}},"8":{"start":{"line":15,"column":21},"end":{"line":15,"column":55}},"9":{"start":{"line":16,"column":44},"end":{"line":16,"column":59}},"10":{"start":{"line":18,"column":4},"end":{"line":50,"column":6}},"11":{"start":{"line":22,"column":31},"end":{"line":22,"column":61}},"12":{"start":{"line":38,"column":20},"end":{"line":46,"column":22}},"13":{"start":{"line":11,"column":13},"end":{"line":11,"column":22}}},"fnMap":{"0":{"name":"(anonymous_0)","decl":{"start":{"line":11,"column":22},"end":{"line":11,"column":23}},"loc":{"start":{"line":11,"column":48},"end":{"line":51,"column":1}}},"1":{"name":"(anonymous_1)","decl":{"start":{"line":12,"column":30},"end":{"line":12,"column":33}},"loc":{"start":{"line":12,"column":36},"end":{"line":12,"column":52}}},"2":{"name":"(anonymous_2)","decl":{"start":{"line":22,"column":25},"end":{"line":22,"column":28}},"loc":{"start":{"line":22,"column":31},"end":{"line":22,"column":61}}},"3":{"name":"(anonymous_3)","decl":{"start":{"line":37,"column":27},"end":{"line":37,"column":28}},"loc":{"start":{"line":37,"column":41},"end":{"line":47,"column":17}}}},"branchMap":{"0":{"loc":{"start":{"line":31,"column":20},"end":{"line":33,"column":74}},"type":"cond-expr","locations":[{"start":{"line":32,"column":26},"end":{"line":32,"column":47}},{"start":{"line":33,"column":26},"end":{"line":33,"column":74}}]}},"s":{"0":2,"1":2,"2":2,"3":2,"4":2,"5":7,"6":1,"7":7,"8":7,"9":7,"10":7,"11":1,"12":10,"13":2},"f":{"0":7,"1":1,"2":1,"3":10},"b":{"0":[1,6]}}
,"C:\\repositories\\programming\\projects-2024\\to-work\\ntt-data\\BOOTCAMP--FRONTEND-REACT-NTT\\src\\pages\\Summary\\components\\OrderForm\\components\\Select\\components\\Options.tsx": {"path":"C:\\repositories\\programming\\projects-2024\\to-work\\ntt-data\\BOOTCAMP--FRONTEND-REACT-NTT\\src\\pages\\Summary\\components\\OrderForm\\components\\Select\\components\\Options.tsx","statementMap":{"0":{"start":{"line":1,"column":0},"end":{"line":1,"column":42}},"1":{"start":{"line":11,"column":23},"end":{"line":36,"column":1}},"2":{"start":{"line":17,"column":22},"end":{"line":17,"column":49}},"3":{"start":{"line":20,"column":8},"end":{"line":28,"column":9}},"4":{"start":{"line":21,"column":12},"end":{"line":22,"column":55}},"5":{"start":{"line":23,"column":12},"end":{"line":23,"column":77}},"6":{"start":{"line":24,"column":12},"end":{"line":27,"column":16}},"7":{"start":{"line":24,"column":35},"end":{"line":27,"column":14}},"8":{"start":{"line":31,"column":4},"end":{"line":35,"column":6}},"9":{"start":{"line":11,"column":13},"end":{"line":11,"column":23}}},"fnMap":{"0":{"name":"(anonymous_0)","decl":{"start":{"line":11,"column":23},"end":{"line":11,"column":24}},"loc":{"start":{"line":16,"column":23},"end":{"line":36,"column":1}}},"1":{"name":"selectDistrict","decl":{"start":{"line":19,"column":13},"end":{"line":19,"column":27}},"loc":{"start":{"line":19,"column":27},"end":{"line":29,"column":5}}},"2":{"name":"(anonymous_2)","decl":{"start":{"line":24,"column":24},"end":{"line":24,"column":25}},"loc":{"start":{"line":24,"column":35},"end":{"line":27,"column":14}}}},"branchMap":{"0":{"loc":{"start":{"line":20,"column":8},"end":{"line":28,"column":9}},"type":"if","locations":[{"start":{"line":20,"column":8},"end":{"line":28,"column":9}}]},"1":{"loc":{"start":{"line":20,"column":12},"end":{"line":20,"column":72}},"type":"binary-expr","locations":[{"start":{"line":20,"column":12},"end":{"line":20,"column":28}},{"start":{"line":20,"column":32},"end":{"line":20,"column":49}},{"start":{"line":20,"column":53},"end":{"line":20,"column":72}}]},"2":{"loc":{"start":{"line":22,"column":16},"end":{"line":22,"column":54}},"type":"binary-expr","locations":[{"start":{"line":22,"column":16},"end":{"line":22,"column":48}},{"start":{"line":22,"column":52},"end":{"line":22,"column":54}}]},"3":{"loc":{"start":{"line":26,"column":26},"end":{"line":26,"column":64}},"type":"binary-expr","locations":[{"start":{"line":26,"column":26},"end":{"line":26,"column":58}},{"start":{"line":26,"column":62},"end":{"line":26,"column":64}}]}},"s":{"0":3,"1":3,"2":12,"3":2,"4":2,"5":2,"6":2,"7":2,"8":12,"9":3},"f":{"0":12,"1":2,"2":2},"b":{"0":[2],"1":[2,2,2],"2":[2,0],"3":[2,0]}}
,"C:\\repositories\\programming\\projects-2024\\to-work\\ntt-data\\BOOTCAMP--FRONTEND-REACT-NTT\\src\\pages\\Summary\\components\\OrderForm\\modules\\validateForm.ts": {"path":"C:\\repositories\\programming\\projects-2024\\to-work\\ntt-data\\BOOTCAMP--FRONTEND-REACT-NTT\\src\\pages\\Summary\\components\\OrderForm\\modules\\validateForm.ts","statementMap":{"0":{"start":{"line":3,"column":0},"end":{"line":3,"column":null}},"1":{"start":{"line":4,"column":4},"end":{"line":4,"column":null}},"2":{"start":{"line":5,"column":4},"end":{"line":5,"column":null}},"3":{"start":{"line":6,"column":4},"end":{"line":6,"column":null}},"4":{"start":{"line":14,"column":28},"end":{"line":70,"column":1}},"5":{"start":{"line":15,"column":43},"end":{"line":15,"column":45}},"6":{"start":{"line":17,"column":22},"end":{"line":17,"column":68}},"7":{"start":{"line":18,"column":31},"end":{"line":18,"column":74}},"8":{"start":{"line":19,"column":38},"end":{"line":20,"column":null}},"9":{"start":{"line":23,"column":23},"end":{"line":25,"column":5}},"10":{"start":{"line":24,"column":8},"end":{"line":24,"column":50}},"11":{"start":{"line":27,"column":25},"end":{"line":31,"column":5}},"12":{"start":{"line":28,"column":8},"end":{"line":30,"column":51}},"13":{"start":{"line":33,"column":25},"end":{"line":43,"column":5}},"14":{"start":{"line":34,"column":8},"end":{"line":36,"column":9}},"15":{"start":{"line":35,"column":12},"end":{"line":35,"column":55}},"16":{"start":{"line":38,"column":8},"end":{"line":40,"column":9}},"17":{"start":{"line":39,"column":12},"end":{"line":39,"column":72}},"18":{"start":{"line":42,"column":8},"end":{"line":42,"column":20}},"19":{"start":{"line":45,"column":22},"end":{"line":45,"column":78}},"20":{"start":{"line":46,"column":4},"end":{"line":46,"column":46}},"21":{"start":{"line":46,"column":19},"end":{"line":46,"column":46}},"22":{"start":{"line":49,"column":8},"end":{"line":49,"column":72}},"23":{"start":{"line":50,"column":4},"end":{"line":50,"column":58}},"24":{"start":{"line":50,"column":23},"end":{"line":50,"column":58}},"25":{"start":{"line":52,"column":26},"end":{"line":52,"column":55}},"26":{"start":{"line":53,"column":4},"end":{"line":53,"column":58}},"27":{"start":{"line":53,"column":23},"end":{"line":53,"column":58}},"28":{"start":{"line":55,"column":25},"end":{"line":55,"column":53}},"29":{"start":{"line":56,"column":4},"end":{"line":56,"column":55}},"30":{"start":{"line":56,"column":22},"end":{"line":56,"column":55}},"31":{"start":{"line":58,"column":27},"end":{"line":58,"column":57}},"32":{"start":{"line":59,"column":4},"end":{"line":59,"column":61}},"33":{"start":{"line":59,"column":24},"end":{"line":59,"column":61}},"34":{"start":{"line":62,"column":8},"end":{"line":62,"column":66}},"35":{"start":{"line":63,"column":4},"end":{"line":63,"column":49}},"36":{"start":{"line":63,"column":20},"end":{"line":63,"column":49}},"37":{"start":{"line":65,"column":4},"end":{"line":65,"column":25}},"38":{"start":{"line":67,"column":24},"end":{"line":67,"column":59}},"39":{"start":{"line":69,"column":4},"end":{"line":69,"column":23}},"40":{"start":{"line":14,"column":13},"end":{"line":14,"column":28}}},"fnMap":{"0":{"name":"(anonymous_0)","decl":{"start":{"line":3,"column":0},"end":{"line":3,"column":5}},"loc":{"start":{"line":3,"column":18},"end":{"line":7,"column":1}}},"1":{"name":"(anonymous_1)","decl":{"start":{"line":14,"column":28},"end":{"line":14,"column":29}},"loc":{"start":{"line":14,"column":72},"end":{"line":70,"column":1}}},"2":{"name":"(anonymous_2)","decl":{"start":{"line":23,"column":23},"end":{"line":23,"column":24}},"loc":{"start":{"line":23,"column":56},"end":{"line":25,"column":5}}},"3":{"name":"(anonymous_3)","decl":{"start":{"line":27,"column":25},"end":{"line":27,"column":26}},"loc":{"start":{"line":27,"column":58},"end":{"line":31,"column":5}}},"4":{"name":"(anonymous_4)","decl":{"start":{"line":33,"column":25},"end":{"line":33,"column":26}},"loc":{"start":{"line":33,"column":58},"end":{"line":43,"column":5}}}},"branchMap":{"0":{"loc":{"start":{"line":3,"column":5},"end":{"line":3,"column":null}},"type":"binary-expr","locations":[{"start":{"line":3,"column":5},"end":{"line":3,"column":18}},{"start":{"line":3,"column":5},"end":{"line":3,"column":null}}]},"1":{"loc":{"start":{"line":24,"column":15},"end":{"line":24,"column":49}},"type":"cond-expr","locations":[{"start":{"line":24,"column":23},"end":{"line":24,"column":27}},{"start":{"line":24,"column":30},"end":{"line":24,"column":49}}]},"2":{"loc":{"start":{"line":28,"column":15},"end":{"line":30,"column":50}},"type":"cond-expr","locations":[{"start":{"line":29,"column":14},"end":{"line":29,"column":18}},{"start":{"line":30,"column":14},"end":{"line":30,"column":50}}]},"3":{"loc":{"start":{"line":34,"column":8},"end":{"line":36,"column":9}},"type":"if","locations":[{"start":{"line":34,"column":8},"end":{"line":36,"column":9}}]},"4":{"loc":{"start":{"line":38,"column":8},"end":{"line":40,"column":9}},"type":"if","locations":[{"start":{"line":38,"column":8},"end":{"line":40,"column":9}}]},"5":{"loc":{"start":{"line":45,"column":22},"end":{"line":45,"column":78}},"type":"binary-expr","locations":[{"start":{"line":45,"column":22},"end":{"line":45,"column":47}},{"start":{"line":45,"column":51},"end":{"line":45,"column":78}}]},"6":{"loc":{"start":{"line":46,"column":4},"end":{"line":46,"column":46}},"type":"if","locations":[{"start":{"line":46,"column":4},"end":{"line":46,"column":46}}]},"7":{"loc":{"start":{"line":49,"column":8},"end":{"line":49,"column":72}},"type":"binary-expr","locations":[{"start":{"line":49,"column":8},"end":{"line":49,"column":37}},{"start":{"line":49,"column":41},"end":{"line":49,"column":72}}]},"8":{"loc":{"start":{"line":50,"column":4},"end":{"line":50,"column":58}},"type":"if","locations":[{"start":{"line":50,"column":4},"end":{"line":50,"column":58}}]},"9":{"loc":{"start":{"line":53,"column":4},"end":{"line":53,"column":58}},"type":"if","locations":[{"start":{"line":53,"column":4},"end":{"line":53,"column":58}}]},"10":{"loc":{"start":{"line":56,"column":4},"end":{"line":56,"column":55}},"type":"if","locations":[{"start":{"line":56,"column":4},"end":{"line":56,"column":55}}]},"11":{"loc":{"start":{"line":59,"column":4},"end":{"line":59,"column":61}},"type":"if","locations":[{"start":{"line":59,"column":4},"end":{"line":59,"column":61}}]},"12":{"loc":{"start":{"line":62,"column":8},"end":{"line":62,"column":66}},"type":"binary-expr","locations":[{"start":{"line":62,"column":8},"end":{"line":62,"column":34}},{"start":{"line":62,"column":38},"end":{"line":62,"column":66}}]},"13":{"loc":{"start":{"line":63,"column":4},"end":{"line":63,"column":49}},"type":"if","locations":[{"start":{"line":63,"column":4},"end":{"line":63,"column":49}}]}},"s":{"0":2,"1":2,"2":2,"3":2,"4":2,"5":3,"6":3,"7":3,"8":3,"9":3,"10":18,"11":3,"12":4,"13":3,"14":2,"15":0,"16":2,"17":0,"18":2,"19":3,"20":3,"21":2,"22":3,"23":3,"24":1,"25":3,"26":3,"27":1,"28":3,"29":3,"30":1,"31":3,"32":3,"33":1,"34":3,"35":3,"36":1,"37":3,"38":3,"39":3,"40":2},"f":{"0":2,"1":3,"2":18,"3":4,"4":2},"b":{"0":[2,2],"1":[12,6],"2":[3,1],"3":[0],"4":[0],"5":[3,2],"6":[2],"7":[3,2],"8":[1],"9":[1],"10":[1],"11":[1],"12":[3,2],"13":[1]}}
,"C:\\repositories\\programming\\projects-2024\\to-work\\ntt-data\\BOOTCAMP--FRONTEND-REACT-NTT\\src\\pages\\components\\Footer\\Footer.tsx": {"path":"C:\\repositories\\programming\\projects-2024\\to-work\\ntt-data\\BOOTCAMP--FRONTEND-REACT-NTT\\src\\pages\\components\\Footer\\Footer.tsx","statementMap":{"0":{"start":{"line":3,"column":0},"end":{"line":3,"column":16}},"1":{"start":{"line":1,"column":0},"end":{"line":1,"column":21}},"2":{"start":{"line":5,"column":4},"end":{"line":58,"column":null}}},"fnMap":{"0":{"name":"Footer","decl":{"start":{"line":3,"column":16},"end":{"line":3,"column":22}},"loc":{"start":{"line":3,"column":22},"end":{"line":60,"column":1}}}},"branchMap":{},"s":{"0":1,"1":1,"2":4},"f":{"0":4},"b":{}}
,"C:\\repositories\\programming\\projects-2024\\to-work\\ntt-data\\BOOTCAMP--FRONTEND-REACT-NTT\\src\\pages\\components\\Navbar\\Navbar.tsx": {"path":"C:\\repositories\\programming\\projects-2024\\to-work\\ntt-data\\BOOTCAMP--FRONTEND-REACT-NTT\\src\\pages\\components\\Navbar\\Navbar.tsx","statementMap":{"0":{"start":{"line":2,"column":0},"end":{"line":2,"column":56}},"1":{"start":{"line":3,"column":0},"end":{"line":3,"column":76}},"2":{"start":{"line":4,"column":0},"end":{"line":4,"column":44}},"3":{"start":{"line":5,"column":0},"end":{"line":5,"column":22}},"4":{"start":{"line":7,"column":21},"end":{"line":65,"column":1}},"5":{"start":{"line":9,"column":23},"end":{"line":9,"column":47}},"6":{"start":{"line":10,"column":30},"end":{"line":10,"column":48}},"7":{"start":{"line":11,"column":18},"end":{"line":11,"column":31}},"8":{"start":{"line":14,"column":2},"end":{"line":14,"column":null}},"9":{"start":{"line":15,"column":2},"end":{"line":15,"column":null}},"10":{"start":{"line":16,"column":2},"end":{"line":16,"column":31}},"11":{"start":{"line":19,"column":18},"end":{"line":19,"column":46}},"12":{"start":{"line":20,"column":4},"end":{"line":63,"column":null}},"13":{"start":{"line":31,"column":26},"end":{"line":31,"column":63}},"14":{"start":{"line":54,"column":25},"end":{"line":54,"column":62}},"15":{"start":{"line":7,"column":13},"end":{"line":7,"column":21}}},"fnMap":{"0":{"name":"(anonymous_0)","decl":{"start":{"line":7,"column":21},"end":{"line":7,"column":35}},"loc":{"start":{"line":7,"column":37},"end":{"line":65,"column":1}}},"1":{"name":"logOut","decl":{"start":{"line":13,"column":10},"end":{"line":13,"column":16}},"loc":{"start":{"line":13,"column":16},"end":{"line":17,"column":2}}},"2":{"name":"(anonymous_2)","decl":{"start":{"line":31,"column":16},"end":{"line":31,"column":17}},"loc":{"start":{"line":31,"column":25},"end":{"line":31,"column":63}}},"3":{"name":"(anonymous_3)","decl":{"start":{"line":54,"column":15},"end":{"line":54,"column":16}},"loc":{"start":{"line":54,"column":24},"end":{"line":54,"column":62}}}},"branchMap":{},"s":{"0":1,"1":1,"2":1,"3":1,"4":1,"5":6,"6":6,"7":6,"8":0,"9":0,"10":0,"11":6,"12":6,"13":1,"14":1,"15":1},"f":{"0":6,"1":0,"2":1,"3":1},"b":{}}
,"C:\\repositories\\programming\\projects-2024\\to-work\\ntt-data\\BOOTCAMP--FRONTEND-REACT-NTT\\src\\services\\api.service.ts": {"path":"C:\\repositories\\programming\\projects-2024\\to-work\\ntt-data\\BOOTCAMP--FRONTEND-REACT-NTT\\src\\services\\api.service.ts","statementMap":{"0":{"start":{"line":81,"column":4},"end":{"line":81,"column":26}},"1":{"start":{"line":82,"column":4},"end":{"line":82,"column":18}},"2":{"start":{"line":83,"column":4},"end":{"line":83,"column":23}},"3":{"start":{"line":84,"column":4},"end":{"line":84,"column":18}},"4":{"start":{"line":1,"column":0},"end":{"line":1,"column":58}},"5":{"start":{"line":9,"column":4},"end":{"line":22,"column":5}},"6":{"start":{"line":10,"column":20},"end":{"line":10,"column":49}},"7":{"start":{"line":12,"column":25},"end":{"line":12,"column":41}},"8":{"start":{"line":13,"column":8},"end":{"line":16,"column":14}},"9":{"start":{"line":14,"column":12},"end":{"line":16,"column":14}},"10":{"start":{"line":18,"column":31},"end":{"line":18,"column":52}},"11":{"start":{"line":19,"column":8},"end":{"line":19,"column":20}},"12":{"start":{"line":21,"column":8},"end":{"line":21,"column":20}},"13":{"start":{"line":29,"column":4},"end":{"line":48,"column":5}},"14":{"start":{"line":30,"column":20},"end":{"line":30,"column":64}},"15":{"start":{"line":31,"column":25},"end":{"line":31,"column":41}},"16":{"start":{"line":32,"column":8},"end":{"line":35,"column":14}},"17":{"start":{"line":33,"column":12},"end":{"line":35,"column":14}},"18":{"start":{"line":37,"column":38},"end":{"line":37,"column":59}},"19":{"start":{"line":38,"column":42},"end":{"line":38,"column":74}},"20":{"start":{"line":40,"column":8},"end":{"line":45,"column":10}},"21":{"start":{"line":47,"column":8},"end":{"line":47,"column":20}},"22":{"start":{"line":52,"column":4},"end":{"line":66,"column":5}},"23":{"start":{"line":53,"column":20},"end":{"line":53,"column":56}},"24":{"start":{"line":55,"column":25},"end":{"line":55,"column":41}},"25":{"start":{"line":56,"column":8},"end":{"line":59,"column":14}},"26":{"start":{"line":57,"column":12},"end":{"line":59,"column":14}},"27":{"start":{"line":61,"column":38},"end":{"line":61,"column":59}},"28":{"start":{"line":63,"column":8},"end":{"line":63,"column":48}},"29":{"start":{"line":65,"column":8},"end":{"line":65,"column":20}},"30":{"start":{"line":70,"column":4},"end":{"line":77,"column":5}},"31":{"start":{"line":71,"column":25},"end":{"line":71,"column":63}},"32":{"start":{"line":72,"column":8},"end":{"line":72,"column":71}},"33":{"start":{"line":72,"column":26},"end":{"line":72,"column":71}},"34":{"start":{"line":73,"column":21},"end":{"line":73,"column":42}},"35":{"start":{"line":74,"column":8},"end":{"line":74,"column":20}},"36":{"start":{"line":76,"column":8},"end":{"line":76,"column":20}}},"fnMap":{"0":{"name":"getProductCategoryList","decl":{"start":{"line":8,"column":15},"end":{"line":8,"column":37}},"loc":{"start":{"line":8,"column":37},"end":{"line":23,"column":1}}},"1":{"name":"getAllProducts","decl":{"start":{"line":25,"column":15},"end":{"line":25,"column":29}},"loc":{"start":{"line":27,"column":16},"end":{"line":49,"column":1}}},"2":{"name":"getCategoryProducts","decl":{"start":{"line":51,"column":15},"end":{"line":51,"column":34}},"loc":{"start":{"line":51,"column":51},"end":{"line":67,"column":1}}},"3":{"name":"fetchDistricts","decl":{"start":{"line":69,"column":15},"end":{"line":69,"column":29}},"loc":{"start":{"line":69,"column":29},"end":{"line":78,"column":1}}}},"branchMap":{"0":{"loc":{"start":{"line":13,"column":8},"end":{"line":16,"column":14}},"type":"if","locations":[{"start":{"line":13,"column":8},"end":{"line":16,"column":14}}]},"1":{"loc":{"start":{"line":32,"column":8},"end":{"line":35,"column":14}},"type":"if","locations":[{"start":{"line":32,"column":8},"end":{"line":35,"column":14}}]},"2":{"loc":{"start":{"line":56,"column":8},"end":{"line":59,"column":14}},"type":"if","locations":[{"start":{"line":56,"column":8},"end":{"line":59,"column":14}}]},"3":{"loc":{"start":{"line":72,"column":8},"end":{"line":72,"column":71}},"type":"if","locations":[{"start":{"line":72,"column":8},"end":{"line":72,"column":71}}]}},"s":{"0":4,"1":4,"2":4,"3":4,"4":4,"5":4,"6":4,"7":4,"8":2,"9":1,"10":1,"11":1,"12":3,"13":3,"14":3,"15":3,"16":2,"17":1,"18":1,"19":1,"20":1,"21":2,"22":3,"23":3,"24":3,"25":2,"26":1,"27":1,"28":1,"29":2,"30":3,"31":3,"32":2,"33":1,"34":1,"35":1,"36":2},"f":{"0":4,"1":3,"2":3,"3":3},"b":{"0":[1],"1":[1],"2":[1],"3":[1]}}
,"C:\\repositories\\programming\\projects-2024\\to-work\\ntt-data\\BOOTCAMP--FRONTEND-REACT-NTT\\src\\services\\apiuser.service.ts": {"path":"C:\\repositories\\programming\\projects-2024\\to-work\\ntt-data\\BOOTCAMP--FRONTEND-REACT-NTT\\src\\services\\apiuser.service.ts","statementMap":{"0":{"start":{"line":3,"column":25},"end":{"line":38,"column":1}},"1":{"start":{"line":7,"column":4},"end":{"line":37,"column":5}},"2":{"start":{"line":8,"column":20},"end":{"line":8,"column":37}},"3":{"start":{"line":10,"column":25},"end":{"line":21,"column":10}},"4":{"start":{"line":23,"column":8},"end":{"line":30,"column":9}},"5":{"start":{"line":24,"column":12},"end":{"line":26,"column":13}},"6":{"start":{"line":25,"column":16},"end":{"line":25,"column":59}},"7":{"start":{"line":27,"column":12},"end":{"line":29,"column":14}},"8":{"start":{"line":32,"column":36},"end":{"line":32,"column":57}},"9":{"start":{"line":34,"column":8},"end":{"line":34,"column":20}},"10":{"start":{"line":36,"column":8},"end":{"line":36,"column":20}},"11":{"start":{"line":3,"column":13},"end":{"line":3,"column":25}}},"fnMap":{"0":{"name":"(anonymous_0)","decl":{"start":{"line":3,"column":25},"end":{"line":3,"column":30}},"loc":{"start":{"line":6,"column":28},"end":{"line":38,"column":1}}}},"branchMap":{"0":{"loc":{"start":{"line":23,"column":8},"end":{"line":30,"column":9}},"type":"if","locations":[{"start":{"line":23,"column":8},"end":{"line":30,"column":9}}]},"1":{"loc":{"start":{"line":24,"column":12},"end":{"line":26,"column":13}},"type":"if","locations":[{"start":{"line":24,"column":12},"end":{"line":26,"column":13}}]}},"s":{"0":1,"1":3,"2":3,"3":3,"4":3,"5":2,"6":1,"7":1,"8":1,"9":1,"10":2,"11":1},"f":{"0":3},"b":{"0":[2],"1":[1]}}
,"C:\\repositories\\programming\\projects-2024\\to-work\\ntt-data\\BOOTCAMP--FRONTEND-REACT-NTT\\src\\services\\__mock__\\allProducts.ts": {"path":"C:\\repositories\\programming\\projects-2024\\to-work\\ntt-data\\BOOTCAMP--FRONTEND-REACT-NTT\\src\\services\\__mock__\\allProducts.ts","statementMap":{"0":{"start":{"line":1,"column":0},"end":{"line":1,"column":57}},"1":{"start":{"line":2,"column":0},"end":{"line":2,"column":63}},"2":{"start":{"line":5,"column":13},"end":{"line":12,"column":2}},"3":{"start":{"line":13,"column":13},"end":{"line":20,"column":2}}},"fnMap":{},"branchMap":{},"s":{"0":2,"1":2,"2":2,"3":2},"f":{},"b":{}}
,"C:\\repositories\\programming\\projects-2024\\to-work\\ntt-data\\BOOTCAMP--FRONTEND-REACT-NTT\\src\\services\\__mock__\\categoryList.ts": {"path":"C:\\repositories\\programming\\projects-2024\\to-work\\ntt-data\\BOOTCAMP--FRONTEND-REACT-NTT\\src\\services\\__mock__\\categoryList.ts","statementMap":{"0":{"start":{"line":1,"column":13},"end":{"line":5,"column":null}}},"fnMap":{},"branchMap":{},"s":{"0":2},"f":{},"b":{}}
,"C:\\repositories\\programming\\projects-2024\\to-work\\ntt-data\\BOOTCAMP--FRONTEND-REACT-NTT\\src\\services\\__mock__\\user.ts": {"path":"C:\\repositories\\programming\\projects-2024\\to-work\\ntt-data\\BOOTCAMP--FRONTEND-REACT-NTT\\src\\services\\__mock__\\user.ts","statementMap":{"0":{"start":{"line":13,"column":13},"end":{"line":23,"column":2}}},"fnMap":{},"branchMap":{},"s":{"0":1},"f":{},"b":{}}
,"C:\\repositories\\programming\\projects-2024\\to-work\\ntt-data\\BOOTCAMP--FRONTEND-REACT-NTT\\src\\utils\\mockFetch.ts": {"path":"C:\\repositories\\programming\\projects-2024\\to-work\\ntt-data\\BOOTCAMP--FRONTEND-REACT-NTT\\src\\utils\\mockFetch.ts","statementMap":{"0":{"start":{"line":1,"column":25},"end":{"line":20,"column":1}},"1":{"start":{"line":6,"column":15},"end":{"line":16,"column":6}},"2":{"start":{"line":7,"column":25},"end":{"line":14,"column":10}},"3":{"start":{"line":10,"column":24},"end":{"line":10,"column":45}},"4":{"start":{"line":11,"column":24},"end":{"line":11,"column":45}},"5":{"start":{"line":12,"column":26},"end":{"line":12,"column":41}},"6":{"start":{"line":13,"column":24},"end":{"line":13,"column":61}},"7":{"start":{"line":15,"column":8},"end":{"line":15,"column":41}},"8":{"start":{"line":18,"column":4},"end":{"line":18,"column":22}},"9":{"start":{"line":19,"column":4},"end":{"line":19,"column":14}},"10":{"start":{"line":1,"column":13},"end":{"line":1,"column":25}}},"fnMap":{"0":{"name":"(anonymous_0)","decl":{"start":{"line":1,"column":25},"end":{"line":1,"column":null}},"loc":{"start":{"line":5,"column":15},"end":{"line":20,"column":1}}},"1":{"name":"(anonymous_1)","decl":{"start":{"line":6,"column":48},"end":{"line":6,"column":51}},"loc":{"start":{"line":6,"column":53},"end":{"line":16,"column":5}}},"2":{"name":"(anonymous_2)","decl":{"start":{"line":10,"column":18},"end":{"line":10,"column":21}},"loc":{"start":{"line":10,"column":24},"end":{"line":10,"column":45}}},"3":{"name":"(anonymous_3)","decl":{"start":{"line":11,"column":18},"end":{"line":11,"column":21}},"loc":{"start":{"line":11,"column":24},"end":{"line":11,"column":45}}},"4":{"name":"(anonymous_4)","decl":{"start":{"line":12,"column":19},"end":{"line":12,"column":22}},"loc":{"start":{"line":12,"column":26},"end":{"line":12,"column":41}}},"5":{"name":"(anonymous_5)","decl":{"start":{"line":13,"column":18},"end":{"line":13,"column":21}},"loc":{"start":{"line":13,"column":24},"end":{"line":13,"column":61}}}},"branchMap":{"0":{"loc":{"start":{"line":3,"column":4},"end":{"line":3,"column":24}},"type":"default-arg","locations":[{"start":{"line":3,"column":21},"end":{"line":3,"column":24}}]},"1":{"loc":{"start":{"line":4,"column":4},"end":{"line":4,"column":22}},"type":"default-arg","locations":[{"start":{"line":4,"column":18},"end":{"line":4,"column":22}}]}},"s":{"0":2,"1":11,"2":11,"3":5,"4":0,"5":0,"6":0,"7":11,"8":11,"9":11,"10":2},"f":{"0":11,"1":11,"2":5,"3":0,"4":0,"5":0},"b":{"0":[5],"1":[5]}}
}
