TN:
SF:src\Hooks\UseFetch.ts
FN:13,(anonymous_0)
FN:19,(anonymous_1)
FN:22,(anonymous_2)
FNF:3
FNH:3
FNDA:23,(anonymous_0)
FNDA:8,(anonymous_1)
FNDA:8,(anonymous_2)
DA:1,2
DA:13,2
DA:15,23
DA:16,23
DA:17,23
DA:19,23
DA:21,8
DA:22,8
DA:23,8
DA:24,8
DA:25,6
DA:26,6
DA:28,2
DA:30,8
DA:33,8
DA:37,23
LF:16
LH:16
BRF:0
BRH:0
end_of_record
TN:
SF:src\config\jest\styleMock.ts
FNF:0
FNH:0
DA:1,12
LF:1
LH:1
BRF:0
BRH:0
end_of_record
TN:
SF:src\context\index.ts
FNF:0
FNH:0
DA:1,1
DA:2,1
LF:2
LH:2
BRF:0
BRH:0
end_of_record
TN:
SF:src\context\ShoppingCart\ShoppingCart.provider.tsx
FN:15,(anonymous_0)
FN:18,(anonymous_1)
FNF:2
FNH:1
FNDA:0,(anonymous_0)
FNDA:4,(anonymous_1)
DA:1,3
DA:4,3
DA:10,3
DA:18,3
DA:19,4
DA:21,4
DA:30,3
DA:31,3
LF:8
LH:8
BRF:0
BRH:0
end_of_record
TN:
SF:src\context\ShoppingCart\ShoppingCart.reduce.ts
FN:6,(anonymous_0)
FN:8,filterExistingProducts
FN:9,(anonymous_2)
FN:12,addToCart
FN:17,(anonymous_4)
FN:27,decreaseProduct
FN:29,(anonymous_6)
FN:41,removeProduct
FN:43,(anonymous_8)
FNF:9
FNH:9
FNDA:7,(anonymous_0)
FNDA:3,filterExistingProducts
FNDA:1,(anonymous_2)
FNDA:3,addToCart
FNDA:1,(anonymous_4)
FNDA:2,decreaseProduct
FNDA:2,(anonymous_6)
FNDA:1,removeProduct
FNDA:1,(anonymous_8)
DA:1,4
DA:4,4
DA:6,4
DA:9,3
DA:14,3
DA:16,3
DA:17,1
DA:18,1
DA:23,2
DA:29,2
DA:30,2
DA:31,2
DA:32,1
DA:34,1
DA:36,0
DA:43,1
DA:44,1
DA:45,1
DA:47,0
DA:52,7
DA:54,3
DA:56,2
DA:58,1
DA:60,1
DA:65,4
DA:66,4
LF:26
LH:24
BRDA:16,0,0,1
BRDA:16,0,1,2
BRDA:18,1,0,1
BRDA:18,1,1,0
BRDA:30,2,0,2
BRDA:31,3,0,1
BRDA:44,4,0,1
BRDA:52,5,0,3
BRDA:52,5,1,2
BRDA:52,5,2,1
BRDA:52,5,3,1
BRF:11
BRH:10
end_of_record
TN:
SF:src\context\ShoppingCart\UseShoppingCart.context.ts
FN:4,(anonymous_0)
FNF:1
FNH:1
FNDA:2,(anonymous_0)
DA:1,2
DA:2,2
DA:4,2
DA:6,2
DA:8,2
DA:9,0
DA:12,2
LF:7
LH:6
BRDA:8,0,0,0
BRF:1
BRH:0
end_of_record
TN:
SF:src\context\ShoppingCart\index.ts
FNF:0
FNH:0
DA:1,1
DA:2,1
DA:3,1
LF:3
LH:3
BRF:0
BRH:0
end_of_record
TN:
SF:src\context\filters\Usefilters.context.ts
FN:4,(anonymous_0)
FNF:1
FNH:1
FNDA:5,(anonymous_0)
DA:1,2
DA:2,2
DA:4,2
DA:6,5
DA:8,5
DA:9,4
DA:12,1
LF:7
LH:7
BRDA:8,0,0,4
BRF:1
BRH:1
end_of_record
TN:
SF:src\context\filters\filters.provider.tsx
FN:16,(anonymous_0)
FNF:1
FNH:1
FNDA:4,(anonymous_0)
DA:1,3
DA:14,3
DA:16,3
DA:18,4
DA:19,4
DA:21,4
DA:35,3
DA:36,3
LF:8
LH:8
BRF:0
BRH:0
end_of_record
TN:
SF:src\context\filters\index.ts
FNF:0
FNH:0
DA:1,1
DA:2,1
LF:2
LH:2
BRF:0
BRH:0
end_of_record
TN:
SF:src\mappers\product.mapper.ts
FN:3,(anonymous_0)
FNF:1
FNH:1
FNDA:16,(anonymous_0)
DA:3,16
LF:1
LH:1
BRF:0
BRH:0
end_of_record
TN:
SF:src\mappers\__mock__\Product.ts
FNF:0
FNH:0
DA:3,13
LF:1
LH:1
BRF:0
BRH:0
end_of_record
TN:
SF:src\mappers\__stubs__\product.stub.ts
FNF:0
FNH:0
DA:1,13
DA:2,13
DA:4,13
LF:3
LH:3
BRF:0
BRH:0
end_of_record
TN:
SF:src\models\app-store.model.ts
FN:3,(anonymous_0)
FNF:1
FNH:1
FNDA:9,(anonymous_0)
DA:3,9
DA:4,9
DA:5,9
DA:6,9
DA:7,9
LF:5
LH:5
BRDA:3,0,0,9
BRDA:3,0,1,9
BRF:2
BRH:2
end_of_record
TN:
SF:src\pages\routes.ts
FN:1,(anonymous_0)
FNF:1
FNH:1
FNDA:1,(anonymous_0)
DA:1,1
DA:2,1
DA:3,1
DA:4,1
DA:5,1
DA:6,1
DA:7,1
DA:8,1
LF:8
LH:8
BRDA:1,0,0,1
BRDA:1,0,1,1
BRF:2
BRH:2
end_of_record
TN:
SF:src\pages\Home\components\CategorySection\CategorySection.tsx
FN:15,CategorySection
FN:30,(anonymous_1)
FN:48,(anonymous_2)
FNF:3
FNH:3
FNDA:4,CategorySection
FNDA:12,(anonymous_1)
FNDA:12,(anonymous_2)
DA:1,2
DA:2,2
DA:3,2
DA:4,2
DA:5,2
DA:6,2
DA:15,2
DA:16,4
DA:18,4
DA:19,4
DA:21,4
DA:26,4
DA:31,12
DA:49,12
LF:14
LH:14
BRDA:31,0,0,3
BRDA:31,0,1,9
BRDA:39,1,0,3
BRDA:39,1,1,6
BRF:4
BRH:4
end_of_record
TN:
SF:src\pages\Home\components\CategorySection\components\CategoryCard\CategoryCard.tsx
FN:13,(anonymous_0)
FN:23,(anonymous_1)
FN:29,handleClick
FN:32,updateProductRequestType
FNF:4
FNH:4
FNDA:6,(anonymous_0)
FNDA:6,(anonymous_1)
FNDA:6,handleClick
FNDA:6,updateProductRequestType
DA:1,1
DA:2,1
DA:3,1
DA:4,1
DA:5,1
DA:13,1
DA:18,6
DA:19,6
DA:21,6
DA:23,6
DA:24,6
DA:25,1
DA:30,6
DA:33,6
DA:34,6
DA:39,3
DA:41,3
DA:46,6
DA:47,6
DA:50,6
LF:20
LH:20
BRDA:24,0,0,1
BRDA:33,1,0,6
BRDA:34,2,0,3
BRDA:34,2,1,3
BRDA:53,3,0,6
BRDA:53,3,1,5
BRF:6
BRH:6
end_of_record
TN:
SF:src\pages\Home\components\CategorySection\components\CategorySkeleton\CategorySkeleton.tsx
FN:1,(anonymous_0)
FNF:1
FNH:1
FNDA:1,(anonymous_0)
DA:1,1
DA:2,1
LF:2
LH:2
BRF:0
BRH:0
end_of_record
TN:
SF:src\pages\Home\components\CategorySection\components\HorizontalCarouselControl\HorizontalCarouselControl.tsx
FN:12,(anonymous_0)
FN:20,(anonymous_1)
FN:26,(anonymous_2)
FNF:3
FNH:3
FNDA:13,(anonymous_0)
FNDA:13,(anonymous_1)
FNDA:1,(anonymous_2)
DA:1,3
DA:2,3
DA:3,3
DA:12,3
DA:18,13
DA:20,13
DA:21,13
DA:22,4
DA:26,13
DA:27,1
DA:28,1
DA:29,1
DA:31,1
DA:40,13
LF:14
LH:14
BRDA:21,0,0,4
BRDA:21,1,0,13
BRDA:21,1,1,13
BRDA:27,2,0,1
BRDA:27,3,0,1
BRDA:27,3,1,1
BRF:6
BRH:6
end_of_record
TN:
SF:src\pages\Home\components\CategorySection\components\HorizontalCarouselControl\modules\carousel.ts
FN:11,calculateNumberOfCarouselPoints
FN:31,calculateLastSectionShiftSize
FN:61,updateSelectedDot
FN:69,(anonymous_3)
FN:72,(anonymous_4)
FN:82,moveCarousel
FNF:6
FNH:6
FNDA:7,calculateNumberOfCarouselPoints
FNDA:3,calculateLastSectionShiftSize
FNDA:2,updateSelectedDot
FNDA:2,(anonymous_3)
FNDA:1,(anonymous_4)
FNDA:3,moveCarousel
DA:1,6
DA:2,6
DA:3,6
DA:16,7
DA:18,7
DA:19,6
DA:20,6
DA:23,6
DA:25,1
DA:36,3
DA:38,3
DA:40,2
DA:44,2
DA:46,2
DA:48,2
DA:49,2
DA:55,1
DA:66,2
DA:68,1
DA:69,2
DA:72,1
DA:73,1
DA:76,1
DA:77,1
DA:78,1
DA:88,3
DA:89,2
DA:91,2
DA:92,1
DA:94,1
DA:101,6
DA:102,6
DA:103,6
DA:104,6
LF:34
LH:34
BRDA:18,0,0,6
BRDA:18,0,1,1
BRDA:38,1,0,2
BRDA:38,1,1,1
BRDA:66,2,0,1
BRDA:76,3,0,1
BRDA:88,4,0,1
BRDA:91,5,0,1
BRDA:91,5,1,1
BRF:9
BRH:9
end_of_record
TN:
SF:src\pages\Home\components\ProductSection\ProductSection.tsx
FN:14,ProductSection
FN:18,(anonymous_1)
FN:26,(anonymous_2)
FNF:3
FNH:3
FNDA:4,ProductSection
FNDA:2,(anonymous_1)
FNDA:16,(anonymous_2)
DA:1,1
DA:3,1
DA:4,1
DA:5,1
DA:6,1
DA:7,1
DA:14,1
DA:15,4
DA:16,4
DA:18,4
DA:19,2
DA:20,2
DA:23,4
DA:24,2
DA:27,16
DA:33,2
LF:16
LH:16
BRDA:23,0,0,2
BRDA:36,1,0,1
BRDA:36,1,1,1
BRF:3
BRH:3
end_of_record
TN:
SF:src\pages\Home\components\ProductSection\components\FilterError\FilterError.tsx
FN:3,(anonymous_0)
FNF:1
FNH:1
FNDA:4,(anonymous_0)
DA:3,2
DA:4,4
LF:2
LH:2
BRF:0
BRH:0
end_of_record
TN:
SF:src\pages\Home\components\ProductSection\components\ProductCard\ProductCard.tsx
FN:10,(anonymous_0)
FN:13,(anonymous_1)
FNF:2
FNH:2
FNDA:3,(anonymous_0)
FNDA:1,(anonymous_1)
DA:1,2
DA:2,2
DA:10,2
DA:11,3
DA:13,3
DA:14,1
DA:20,3
LF:7
LH:7
BRF:0
BRH:0
end_of_record
TN:
SF:src\pages\Home\components\ProductSection\components\ProductSkeleton\ProductSkeleton.tsx
FN:1,(anonymous_0)
FNF:1
FNH:1
FNDA:17,(anonymous_0)
DA:1,2
DA:2,17
LF:2
LH:2
BRF:0
BRH:0
end_of_record
TN:
SF:src\pages\Home\components\ProductSection\modules\filterProductNames.ts
FN:3,filterProductNames
FN:17,(anonymous_1)
FN:19,(anonymous_2)
FNF:3
FNH:3
FNDA:9,filterProductNames
FNDA:4,(anonymous_1)
FNDA:8,(anonymous_2)
DA:3,2
DA:7,9
DA:8,1
DA:11,8
DA:12,3
DA:15,5
DA:17,5
DA:18,4
DA:19,8
LF:9
LH:9
BRDA:7,0,0,1
BRDA:11,1,0,3
BRF:2
BRH:2
end_of_record
TN:
SF:src\pages\Home\components\ProductSection\modules\showProducts.tsx
FN:5,showProducts
FN:9,(anonymous_1)
FNF:2
FNH:2
FNDA:2,showProducts
FNDA:1,(anonymous_1)
DA:2,1
DA:3,1
DA:5,1
DA:6,2
DA:7,1
DA:9,1
DA:10,1
LF:7
LH:7
BRDA:6,0,0,1
BRDA:6,1,0,2
BRDA:6,1,1,2
BRF:3
BRH:3
end_of_record
TN:
SF:src\pages\Home\components\types\typeOfResponse.ts
FN:1,(anonymous_0)
FNF:1
FNH:1
FNDA:1,(anonymous_0)
DA:1,1
DA:2,1
LF:2
LH:2
BRDA:1,0,0,1
BRDA:1,0,1,1
BRF:2
BRH:2
end_of_record
TN:
SF:src\pages\Summary\Summary.tsx
FN:7,Summary
FNF:1
FNH:1
FNDA:3,Summary
DA:1,1
DA:2,1
DA:3,1
DA:4,1
DA:5,1
DA:7,1
DA:8,3
DA:10,3
LF:8
LH:8
BRDA:12,0,0,1
BRDA:12,0,1,2
BRF:2
BRH:2
end_of_record
TN:
SF:src\pages\Summary\components\Cart\Cart.tsx
FN:5,(anonymous_0)
FN:9,(anonymous_1)
FN:10,(anonymous_2)
FN:28,(anonymous_3)
FNF:4
FNH:4
FNDA:17,(anonymous_0)
FNDA:9,(anonymous_1)
FNDA:8,(anonymous_2)
FNDA:16,(anonymous_3)
DA:1,3
DA:2,3
DA:3,3
DA:5,3
DA:6,17
DA:7,17
DA:9,17
DA:10,9
DA:11,8
DA:13,9
DA:16,17
DA:29,16
LF:12
LH:12
BRF:0
BRH:0
end_of_record
TN:
SF:src\pages\Summary\components\Cart\componets\CartProducts\CartProducts.tsx
FN:10,(anonymous_0)
FN:16,incremetProduct
FN:23,decrementProduct
FN:27,DeleteProduct
FNF:4
FNH:4
FNDA:20,(anonymous_0)
FNDA:1,incremetProduct
FNDA:1,decrementProduct
FNDA:1,DeleteProduct
DA:2,4
DA:3,4
DA:10,4
DA:11,20
DA:12,20
DA:14,20
DA:17,1
DA:24,1
DA:28,1
DA:31,20
LF:10
LH:10
BRF:0
BRH:0
end_of_record
TN:
SF:src\pages\Summary\components\Cart\componets\EmptyCart\emptyCart.tsx
FN:1,(anonymous_0)
FNF:1
FNH:1
FNDA:2,(anonymous_0)
DA:1,2
DA:2,2
LF:2
LH:2
BRF:0
BRH:0
end_of_record
TN:
SF:src\pages\Summary\components\OrderForm\OrderForm.tsx
FN:25,(anonymous_0)
FN:29,(anonymous_1)
FN:31,(anonymous_2)
FN:36,(anonymous_3)
FNF:4
FNH:1
FNDA:2,(anonymous_0)
FNDA:0,(anonymous_1)
FNDA:0,(anonymous_2)
FNDA:0,(anonymous_3)
DA:1,1
DA:2,1
DA:3,1
DA:4,1
DA:5,1
DA:16,1
DA:25,1
DA:26,2
DA:27,1
DA:29,1
DA:30,0
DA:31,0
DA:34,1
DA:36,1
DA:37,0
DA:38,0
DA:39,0
DA:40,0
DA:41,0
DA:45,1
LF:20
LH:13
BRDA:38,0,0,0
BRDA:59,1,0,1
BRDA:59,1,1,0
BRDA:71,2,0,1
BRDA:71,2,1,0
BRDA:75,3,0,1
BRDA:75,3,1,0
BRDA:87,4,0,1
BRDA:87,4,1,0
BRDA:99,5,0,1
BRDA:99,5,1,0
BRDA:111,6,0,1
BRDA:111,6,1,0
BRF:13
BRH:6
end_of_record
TN:
SF:src\pages\Summary\components\OrderForm\components\Select\Select.tsx
FN:11,(anonymous_0)
FN:12,(anonymous_1)
FN:22,(anonymous_2)
FN:37,(anonymous_3)
FNF:4
FNH:4
FNDA:7,(anonymous_0)
FNDA:1,(anonymous_1)
FNDA:1,(anonymous_2)
FNDA:10,(anonymous_3)
DA:1,2
DA:2,2
DA:3,2
DA:5,2
DA:11,2
DA:12,7
DA:14,7
DA:15,7
DA:16,7
DA:18,7
DA:22,1
DA:38,10
LF:12
LH:12
BRDA:31,0,0,1
BRDA:31,0,1,6
BRF:2
BRH:2
end_of_record
TN:
SF:src\pages\Summary\components\OrderForm\components\Select\components\Options.tsx
FN:11,(anonymous_0)
FN:19,selectDistrict
FN:24,(anonymous_2)
FNF:3
FNH:3
FNDA:12,(anonymous_0)
FNDA:2,selectDistrict
FNDA:2,(anonymous_2)
DA:1,3
DA:11,3
DA:17,12
DA:20,2
DA:21,2
DA:23,2
DA:24,2
DA:31,12
LF:8
LH:8
BRDA:20,0,0,2
BRDA:20,1,0,2
BRDA:20,1,1,2
BRDA:20,1,2,2
BRDA:22,2,0,2
BRDA:22,2,1,0
BRDA:26,3,0,2
BRDA:26,3,1,0
BRF:8
BRH:6
end_of_record
TN:
SF:src\pages\Summary\components\OrderForm\modules\validateForm.ts
FN:3,(anonymous_0)
FN:14,(anonymous_1)
FN:23,(anonymous_2)
FN:27,(anonymous_3)
FN:33,(anonymous_4)
FNF:5
FNH:5
FNDA:2,(anonymous_0)
FNDA:3,(anonymous_1)
FNDA:18,(anonymous_2)
FNDA:4,(anonymous_3)
FNDA:2,(anonymous_4)
DA:3,2
DA:4,2
DA:5,2
DA:6,2
DA:14,2
DA:15,3
DA:17,3
DA:18,3
DA:19,3
DA:23,3
DA:24,18
DA:27,3
DA:28,4
DA:33,3
DA:34,2
DA:35,0
DA:38,2
DA:39,0
DA:42,2
DA:45,3
DA:46,3
DA:49,3
DA:50,3
DA:52,3
DA:53,3
DA:55,3
DA:56,3
DA:58,3
DA:59,3
DA:62,3
DA:63,3
DA:65,3
DA:67,3
DA:69,3
LF:34
LH:32
BRDA:3,0,0,2
BRDA:3,0,1,2
BRDA:24,1,0,12
BRDA:24,1,1,6
BRDA:28,2,0,3
BRDA:28,2,1,1
BRDA:34,3,0,0
BRDA:38,4,0,0
BRDA:45,5,0,3
BRDA:45,5,1,2
BRDA:46,6,0,2
BRDA:49,7,0,3
BRDA:49,7,1,2
BRDA:50,8,0,1
BRDA:53,9,0,1
BRDA:56,10,0,1
BRDA:59,11,0,1
BRDA:62,12,0,3
BRDA:62,12,1,2
BRDA:63,13,0,1
BRF:20
BRH:18
end_of_record
TN:
SF:src\pages\components\Footer\Footer.tsx
FN:3,Footer
FNF:1
FNH:1
FNDA:4,Footer
DA:1,1
DA:3,1
DA:5,4
LF:3
LH:3
BRF:0
BRH:0
end_of_record
TN:
SF:src\pages\components\Form\ButtonForm\ButtonForm.tsx
FN:5,(anonymous_0)
FNF:1
FNH:1
FNDA:3,(anonymous_0)
DA:5,1
DA:6,3
LF:2
LH:2
BRF:0
BRH:0
end_of_record
TN:
SF:src\pages\components\Form\InputForm\InputForgotPassword.tsx
FN:12,(anonymous_0)
FN:24,(anonymous_1)
FNF:2
FNH:2
FNDA:3,(anonymous_0)
FNDA:4,(anonymous_1)
DA:1,1
DA:3,1
DA:12,1
DA:19,3
DA:25,4
LF:5
LH:5
BRDA:30,0,0,3
BRDA:30,0,1,1
BRDA:35,1,0,3
BRDA:35,1,1,2
BRF:4
BRH:4
end_of_record
TN:
SF:src\pages\components\Form\InputForm\InputLogin.tsx
FN:12,(anonymous_0)
FN:24,(anonymous_1)
FNF:2
FNH:2
FNDA:8,(anonymous_0)
FNDA:10,(anonymous_1)
DA:1,1
DA:3,1
DA:12,1
DA:19,8
DA:25,10
LF:5
LH:5
BRDA:30,0,0,7
BRDA:30,0,1,3
BRDA:34,1,0,8
BRDA:34,1,1,5
BRF:4
BRH:4
end_of_record
TN:
SF:src\pages\components\Form\InputForm\InputSignUp.tsx
FN:12,(anonymous_0)
FN:25,(anonymous_1)
FNF:2
FNH:2
FNDA:8,(anonymous_0)
FNDA:9,(anonymous_1)
DA:1,1
DA:3,1
DA:12,1
DA:20,8
DA:26,9
LF:5
LH:5
BRDA:31,0,0,5
BRDA:31,0,1,4
BRDA:35,1,0,8
BRDA:35,1,1,4
BRF:4
BRH:4
end_of_record
TN:
SF:src\pages\components\Form\PopUpConfirm\PopUpConfirm.tsx
FN:7,(anonymous_0)
FNF:1
FNH:1
FNDA:3,(anonymous_0)
DA:1,1
DA:7,1
DA:8,3
LF:3
LH:3
BRF:0
BRH:0
end_of_record
TN:
SF:src\pages\components\Form\schema\form.schema.ts
FN:14,(anonymous_0)
FNF:1
FNH:1
FNDA:3,(anonymous_0)
DA:1,1
DA:3,1
DA:9,1
DA:14,3
DA:19,1
LF:5
LH:5
BRF:0
BRH:0
end_of_record
TN:
SF:src\pages\components\Navbar\Navbar.tsx
FN:7,(anonymous_0)
FN:13,logOut
FN:31,(anonymous_2)
FN:54,(anonymous_3)
FNF:4
FNH:3
FNDA:6,(anonymous_0)
FNDA:0,logOut
FNDA:1,(anonymous_2)
FNDA:1,(anonymous_3)
DA:2,1
DA:3,1
DA:4,1
DA:5,1
DA:7,1
DA:9,6
DA:10,6
DA:11,6
DA:14,0
DA:15,0
DA:16,0
DA:19,6
DA:20,6
DA:31,1
DA:54,1
LF:15
LH:12
BRF:0
BRH:0
end_of_record
TN:
SF:src\services\api.service.ts
FN:8,getProductCategoryList
FN:25,getAllProducts
FN:51,getCategoryProducts
FN:69,fetchDistricts
FNF:4
FNH:4
FNDA:4,getProductCategoryList
FNDA:3,getAllProducts
FNDA:3,getCategoryProducts
FNDA:3,fetchDistricts
DA:1,4
DA:9,4
DA:10,4
DA:12,4
DA:13,2
DA:14,1
DA:18,1
DA:19,1
DA:21,3
DA:29,3
DA:30,3
DA:31,3
DA:32,2
DA:33,1
DA:37,1
DA:38,1
DA:40,1
DA:47,2
DA:52,3
DA:53,3
DA:55,3
DA:56,2
DA:57,1
DA:61,1
DA:63,1
DA:65,2
DA:70,3
DA:71,3
DA:72,2
DA:73,1
DA:74,1
DA:76,2
DA:81,4
DA:82,4
DA:83,4
DA:84,4
LF:36
LH:36
BRDA:13,0,0,1
BRDA:32,1,0,1
BRDA:56,2,0,1
BRDA:72,3,0,1
BRF:4
BRH:4
end_of_record
TN:
SF:src\services\apiuser.service.ts
FN:3,(anonymous_0)
FNF:1
FNH:1
FNDA:3,(anonymous_0)
DA:3,1
DA:7,3
DA:8,3
DA:10,3
DA:23,3
DA:24,2
DA:25,1
DA:27,1
DA:32,1
DA:34,1
DA:36,2
LF:11
LH:11
BRDA:23,0,0,2
BRDA:24,1,0,1
BRF:2
BRH:2
end_of_record
TN:
SF:src\services\__mock__\allProducts.ts
FNF:0
FNH:0
DA:1,2
DA:2,2
DA:5,2
DA:13,2
LF:4
LH:4
BRF:0
BRH:0
end_of_record
TN:
SF:src\services\__mock__\categoryList.ts
FNF:0
FNH:0
DA:1,2
LF:1
LH:1
BRF:0
BRH:0
end_of_record
TN:
SF:src\services\__mock__\user.ts
FNF:0
FNH:0
DA:13,1
LF:1
LH:1
BRF:0
BRH:0
end_of_record
TN:
SF:src\utils\mockFetch.ts
FN:1,(anonymous_0)
FN:6,(anonymous_1)
FN:10,(anonymous_2)
FN:11,(anonymous_3)
FN:12,(anonymous_4)
FN:13,(anonymous_5)
FNF:6
FNH:3
FNDA:11,(anonymous_0)
FNDA:11,(anonymous_1)
FNDA:5,(anonymous_2)
FNDA:0,(anonymous_3)
FNDA:0,(anonymous_4)
FNDA:0,(anonymous_5)
DA:1,2
DA:6,11
DA:7,11
DA:10,5
DA:11,0
DA:12,0
DA:13,0
DA:15,11
DA:18,11
DA:19,11
LF:10
LH:7
BRDA:3,0,0,5
BRDA:4,1,0,5
BRF:2
BRH:2
end_of_record
